This is pdfTeX, Version 3.14159265-2.6-1.40.21 (TeX Live 2020) (preloaded format=pdflatex 2021.2.10)  10 FEB 2021 16:36
entering extended mode
 restricted \write18 enabled.
 %&-line parsing enabled.
**refman
(./refman.tex
LaTeX2e <2020-10-01> patch level 4
L3 programming layer <2021-02-06>
(/usr/local/texlive/2020/texmf-dist/tex/latex/base/book.cls
Document Class: book 2020/04/10 v1.4m Standard LaTeX document class
(/usr/local/texlive/2020/texmf-dist/tex/latex/base/bk10.clo
File: bk10.clo 2020/04/10 v1.4m Standard LaTeX file (size option)
)
\c@part=\count177
\c@chapter=\count178
\c@section=\count179
\c@subsection=\count180
\c@subsubsection=\count181
\c@paragraph=\count182
\c@subparagraph=\count183
\c@figure=\count184
\c@table=\count185
\abovecaptionskip=\skip47
\belowcaptionskip=\skip48
\bibindent=\dimen138
)
(/usr/local/texlive/2020/texmf-dist/tex/latex/base/fixltx2e.sty
Package: fixltx2e 2016/12/29 v2.1a fixes to LaTeX (obsolete)
Applying: [2015/01/01] Old fixltx2e package on input line 46.


Package fixltx2e Warning: fixltx2e is not required with releases after 2015
(fixltx2e)                All fixes are now in the LaTeX kernel.
(fixltx2e)                See the latexrelease package for details.

Already applied: [0000/00/00] Old fixltx2e package on input line 53.
) (/usr/local/texlive/2020/texmf-dist/tex/latex/tools/calc.sty
Package: calc 2017/05/25 v4.3 Infix arithmetic (KKT,FJ)
\calc@Acount=\count186
\calc@Bcount=\count187
\calc@Adimen=\dimen139
\calc@Bdimen=\dimen140
\calc@Askip=\skip49
\calc@Bskip=\skip50
LaTeX Info: Redefining \setlength on input line 80.
LaTeX Info: Redefining \addtolength on input line 81.
\calc@Ccount=\count188
\calc@Cskip=\skip51
) (./doxygen.sty
Package: doxygen 

(/usr/local/texlive/2020/texmf-dist/tex/latex/base/alltt.sty
Package: alltt 1997/06/16 v2.0g defines alltt environment
)
(/usr/local/texlive/2020/texmf-dist/tex/latex/tools/array.sty
Package: array 2020/10/01 v2.5c Tabular extension package (FMi)
\col@sep=\dimen141
\ar@mcellbox=\box47
\extrarowheight=\dimen142
\NC@list=\toks15
\extratabsurround=\skip52
\backup@length=\skip53
\ar@cellbox=\box48
)
(/usr/local/texlive/2020/texmf-dist/tex/latex/float/float.sty
Package: float 2001/11/08 v1.3d Float enhancements (AL)
\c@float@type=\count189
\float@exts=\toks16
\float@box=\box49
\@float@everytoks=\toks17
\@floatcapt=\box50
)
(/usr/local/texlive/2020/texmf-dist/tex/latex/base/ifthen.sty
Package: ifthen 2014/09/29 v1.1c Standard LaTeX ifthen package (DPC)
)
(/usr/local/texlive/2020/texmf-dist/tex/latex/tools/verbatim.sty
Package: verbatim 2020-07-07 v1.5u LaTeX2e package for verbatim enhancements
\every@verbatim=\toks18
\verbatim@line=\toks19
\verbatim@in@stream=\read2
)
(/usr/local/texlive/2020/texmf-dist/tex/latex/xcolor/xcolor.sty
Package: xcolor 2016/05/11 v2.12 LaTeX color extensions (UK)

(/usr/local/texlive/2020/texmf-dist/tex/latex/graphics-cfg/color.cfg
File: color.cfg 2016/01/02 v1.6 sample color configuration
)
Package xcolor Info: Driver file: pdftex.def on input line 225.

(/usr/local/texlive/2020/texmf-dist/tex/latex/graphics-def/pdftex.def
File: pdftex.def 2020/10/05 v1.2a Graphics/color driver for pdftex
)
(/usr/local/texlive/2020/texmf-dist/tex/latex/colortbl/colortbl.sty
Package: colortbl 2020/01/04 v1.0e Color table columns (DPC)
\everycr=\toks20
\minrowclearance=\skip54
)
\rownum=\count190
Package xcolor Info: Model `cmy' substituted by `cmy0' on input line 1348.
Package xcolor Info: Model `hsb' substituted by `rgb' on input line 1352.
Package xcolor Info: Model `RGB' extended on input line 1364.
Package xcolor Info: Model `HTML' substituted by `rgb' on input line 1366.
Package xcolor Info: Model `Hsb' substituted by `hsb' on input line 1367.
Package xcolor Info: Model `tHsb' substituted by `hsb' on input line 1368.
Package xcolor Info: Model `HSB' substituted by `hsb' on input line 1369.
Package xcolor Info: Model `Gray' substituted by `gray' on input line 1370.
Package xcolor Info: Model `wave' substituted by `hsb' on input line 1371.
)
(/usr/local/texlive/2020/texmf-dist/tex/latex/tools/longtable.sty
Package: longtable 2020/01/07 v4.13 Multi-page Table package (DPC)
\LTleft=\skip55
\LTright=\skip56
\LTpre=\skip57
\LTpost=\skip58
\LTchunksize=\count191
\LTcapwidth=\dimen143
\LT@head=\box51
\LT@firsthead=\box52
\LT@foot=\box53
\LT@lastfoot=\box54
\LT@cols=\count192
\LT@rows=\count193
\c@LT@tables=\count194
\c@LT@chunks=\count195
\LT@p@ftn=\toks21
)
(/usr/local/texlive/2020/texmf-dist/tex/latex/tabu/tabu.sty
Package: tabu 2019/01/11 v2.9 - flexible LaTeX tabulars (FC+tabu-fixed)

(/usr/local/texlive/2020/texmf-dist/tex/latex/varwidth/varwidth.sty
Package: varwidth 2009/03/30 ver 0.92;  Variable-width minipages
\@vwid@box=\box55
\sift@deathcycles=\count196
\@vwid@loff=\dimen144
\@vwid@roff=\dimen145
)
\c@taburow=\count197
\tabu@nbcols=\count198
\tabu@cnt=\count199
\tabu@Xcol=\count266
\tabu@alloc=\count267
\tabu@nested=\count268
\tabu@target=\dimen146
\tabu@spreadtarget=\dimen147
\tabu@naturalX=\dimen148
\tabucolX=\dimen149
\tabu@Xsum=\dimen150
\extrarowdepth=\dimen151
\abovetabulinesep=\dimen152
\belowtabulinesep=\dimen153
\tabustrutrule=\dimen154
\tabu@thebody=\toks22
\tabu@footnotes=\toks23
\tabu@box=\box56
\tabu@arstrutbox=\box57
\tabu@hleads=\box58
\tabu@vleads=\box59
\tabu@cellskip=\skip59
)
(/usr/local/texlive/2020/texmf-dist/tex/latex/tools/tabularx.sty
Package: tabularx 2020/01/15 v2.11c `tabularx' package (DPC)
\TX@col@width=\dimen155
\TX@old@table=\dimen156
\TX@old@col=\dimen157
\TX@target=\dimen158
\TX@delta=\dimen159
\TX@cols=\count269
\TX@ftn=\toks24
)
(/usr/local/texlive/2020/texmf-dist/tex/latex/multirow/multirow.sty
Package: multirow 2021/01/29 v2.7 Span multiple rows of a table
\multirow@colwidth=\skip60
\multirow@cntb=\count270
\multirow@dima=\skip61
\bigstrutjot=\dimen160
)
\xrefbox=\box60
\xreflength=\skip62
)
(/usr/local/texlive/2020/texmf-dist/tex/latex/adjustbox/adjustbox.sty
Package: adjustbox 2020/08/19 v1.3 Adjusting TeX boxes (trim, clip, ...)

(/usr/local/texlive/2020/texmf-dist/tex/latex/xkeyval/xkeyval.sty
Package: xkeyval 2020/11/20 v2.8 package option processing (HA)

(/usr/local/texlive/2020/texmf-dist/tex/generic/xkeyval/xkeyval.tex
(/usr/local/texlive/2020/texmf-dist/tex/generic/xkeyval/xkvutils.tex
\XKV@toks=\toks25
\XKV@tempa@toks=\toks26

(/usr/local/texlive/2020/texmf-dist/tex/generic/xkeyval/keyval.tex))
\XKV@depth=\count271
File: xkeyval.tex 2014/12/03 v2.7a key=value parser (HA)
))
(/usr/local/texlive/2020/texmf-dist/tex/latex/adjustbox/adjcalc.sty
Package: adjcalc 2012/05/16 v1.1 Provides advanced setlength with multiple back
-ends (calc, etex, pgfmath)
)
(/usr/local/texlive/2020/texmf-dist/tex/latex/adjustbox/trimclip.sty
Package: trimclip 2020/08/19 v1.2 Trim and clip general TeX material

(/usr/local/texlive/2020/texmf-dist/tex/latex/graphics/graphicx.sty
Package: graphicx 2020/09/09 v1.2b Enhanced LaTeX Graphics (DPC,SPQR)

(/usr/local/texlive/2020/texmf-dist/tex/latex/graphics/graphics.sty
Package: graphics 2020/08/30 v1.4c Standard LaTeX Graphics (DPC,SPQR)

(/usr/local/texlive/2020/texmf-dist/tex/latex/graphics/trig.sty
Package: trig 2016/01/03 v1.10 sin cos tan (DPC)
)
(/usr/local/texlive/2020/texmf-dist/tex/latex/graphics-cfg/graphics.cfg
File: graphics.cfg 2016/06/04 v1.11 sample graphics configuration
)
Package graphics Info: Driver file: pdftex.def on input line 105.
)
\Gin@req@height=\dimen161
\Gin@req@width=\dimen162
)
(/usr/local/texlive/2020/texmf-dist/tex/latex/collectbox/collectbox.sty
Package: collectbox 2012/05/17 v0.4b Collect macro arguments as boxes
\collectedbox=\box61
)
\tc@llx=\dimen163
\tc@lly=\dimen164
\tc@urx=\dimen165
\tc@ury=\dimen166
Package trimclip Info: Using driver 'tc-pdftex.def'.

(/usr/local/texlive/2020/texmf-dist/tex/latex/adjustbox/tc-pdftex.def
File: tc-pdftex.def 2019/01/04 v2.2 Clipping driver for pdftex
))
\adjbox@Width=\dimen167
\adjbox@Height=\dimen168
\adjbox@Depth=\dimen169
\adjbox@Totalheight=\dimen170
\adjbox@pwidth=\dimen171
\adjbox@pheight=\dimen172
\adjbox@pdepth=\dimen173
\adjbox@ptotalheight=\dimen174

(/usr/local/texlive/2020/texmf-dist/tex/latex/ifoddpage/ifoddpage.sty
Package: ifoddpage 2016/04/23 v1.1 Conditionals for odd/even page detection
\c@checkoddpage=\count272
))
(/usr/local/texlive/2020/texmf-dist/tex/latex/base/inputenc.sty
Package: inputenc 2020/08/01 v1.3d Input encoding file
\inpenc@prehook=\toks27
\inpenc@posthook=\toks28
)
(/usr/local/texlive/2020/texmf-dist/tex/latex/base/makeidx.sty
Package: makeidx 2014/09/29 v1.0m Standard LaTeX package
)
(/usr/local/texlive/2020/texmf-dist/tex/latex/tools/multicol.sty
Package: multicol 2019/12/09 v1.8y multicolumn formatting (FMi)
\c@tracingmulticols=\count273
\mult@box=\box62
\multicol@leftmargin=\dimen175
\c@unbalance=\count274
\c@collectmore=\count275
\doublecol@number=\count276
\multicoltolerance=\count277
\multicolpretolerance=\count278
\full@width=\dimen176
\page@free=\dimen177
\premulticols=\dimen178
\postmulticols=\dimen179
\multicolsep=\skip63
\multicolbaselineskip=\skip64
\partial@page=\box63
\last@line=\box64
\maxbalancingoverflow=\dimen180
\mult@rightbox=\box65
\mult@grightbox=\box66
\mult@gfirstbox=\box67
\mult@firstbox=\box68
\@tempa=\box69
\@tempa=\box70
\@tempa=\box71
\@tempa=\box72
\@tempa=\box73
\@tempa=\box74
\@tempa=\box75
\@tempa=\box76
\@tempa=\box77
\@tempa=\box78
\@tempa=\box79
\@tempa=\box80
\@tempa=\box81
\@tempa=\box82
\@tempa=\box83
\@tempa=\box84
\@tempa=\box85
\@tempa=\box86
\@tempa=\box87
\@tempa=\box88
\@tempa=\box89
\@tempa=\box90
\@tempa=\box91
\@tempa=\box92
\@tempa=\box93
\@tempa=\box94
\@tempa=\box95
\@tempa=\box96
\@tempa=\box97
\@tempa=\box98
\@tempa=\box99
\@tempa=\box100
\@tempa=\box101
\@tempa=\box102
\@tempa=\box103
\@tempa=\box104
\@tempa=\box105
\c@minrows=\count279
\c@columnbadness=\count280
\c@finalcolumnbadness=\count281
\last@try=\dimen181
\multicolovershoot=\dimen182
\multicolundershoot=\dimen183
\mult@nat@firstbox=\box106
\colbreak@box=\box107
\mc@col@check@num=\count282
)
(/usr/local/texlive/2020/texmf-dist/tex/latex/base/textcomp.sty
Package: textcomp 2020/02/02 v2.0n Standard LaTeX package
)
(/usr/local/texlive/2020/texmf-dist/tex/latex/wasysym/wasysym.sty
Package: wasysym 2020/01/19 v2.4 Wasy-2 symbol support package
\symwasy=\mathgroup4
LaTeX Font Info:    Overwriting symbol font `wasy' in version `bold'
(Font)                  U/wasy/m/n --> U/wasy/b/n on input line 93.
)
(/usr/local/texlive/2020/texmf-dist/tex/latex/base/fontenc.sty
Package: fontenc 2020/08/10 v2.0s Standard LaTeX package
)
(/usr/local/texlive/2020/texmf-dist/tex/latex/psnfss/helvet.sty
Package: helvet 2020/03/25 PSNFSS-v9.3 (WaS) 
)
(/usr/local/texlive/2020/texmf-dist/tex/latex/psnfss/courier.sty
Package: courier 2020/03/25 PSNFSS-v9.3 (WaS) 
)
(/usr/local/texlive/2020/texmf-dist/tex/latex/amsfonts/amssymb.sty
Package: amssymb 2013/01/14 v3.01 AMS font symbols

(/usr/local/texlive/2020/texmf-dist/tex/latex/amsfonts/amsfonts.sty
Package: amsfonts 2013/01/14 v3.01 Basic AMSFonts support
\@emptytoks=\toks29
\symAMSa=\mathgroup5
\symAMSb=\mathgroup6
LaTeX Font Info:    Redeclaring math symbol \hbar on input line 98.
LaTeX Font Info:    Overwriting math alphabet `\mathfrak' in version `bold'
(Font)                  U/euf/m/n --> U/euf/b/n on input line 106.
))
(/usr/local/texlive/2020/texmf-dist/tex/latex/sectsty/sectsty.sty
Package: sectsty 2002/02/25 v2.0.2 Commands to change all sectional heading sty
les


LaTeX Warning: Command \underbar  has changed.
               Check if current package is valid.


LaTeX Warning: Command \underline  has changed.
               Check if current package is valid.

) (/usr/local/texlive/2020/texmf-dist/tex/latex/geometry/geometry.sty
Package: geometry 2020/01/02 v5.9 Page Geometry

(/usr/local/texlive/2020/texmf-dist/tex/generic/iftex/ifvtex.sty
Package: ifvtex 2019/10/25 v1.7 ifvtex legacy package. Use iftex instead.

(/usr/local/texlive/2020/texmf-dist/tex/generic/iftex/iftex.sty
Package: iftex 2020/03/06 v1.0d TeX engine tests
))
\Gm@cnth=\count283
\Gm@cntv=\count284
\c@Gm@tempcnt=\count285
\Gm@bindingoffset=\dimen184
\Gm@wd@mp=\dimen185
\Gm@odd@mp=\dimen186
\Gm@even@mp=\dimen187
\Gm@layoutwidth=\dimen188
\Gm@layoutheight=\dimen189
\Gm@layouthoffset=\dimen190
\Gm@layoutvoffset=\dimen191
\Gm@dimlist=\toks30
)
(/usr/local/texlive/2020/texmf-dist/tex/latex/fancyhdr/fancyhdr.sty
Package: fancyhdr 2021/01/28 v4.0.1 Extensive control of page headers and foote
rs
\f@nch@headwidth=\skip65
\f@nch@O@elh=\skip66
\f@nch@O@erh=\skip67
\f@nch@O@olh=\skip68
\f@nch@O@orh=\skip69
\f@nch@O@elf=\skip70
\f@nch@O@erf=\skip71
\f@nch@O@olf=\skip72
\f@nch@O@orf=\skip73
)
(/usr/local/texlive/2020/texmf-dist/tex/latex/natbib/natbib.sty
Package: natbib 2010/09/13 8.31b (PWD, AO)
\bibhang=\skip74
\bibsep=\skip75
LaTeX Info: Redefining \cite on input line 694.
\c@NAT@ctr=\count286
)
(/usr/local/texlive/2020/texmf-dist/tex/latex/tocloft/tocloft.sty
Package: tocloft 2017/08/31 v2.3i parameterised ToC, etc., typesetting
Package tocloft Info: The document has chapter divisions on input line 51.
\cftparskip=\skip76
\cftbeforetoctitleskip=\skip77
\cftaftertoctitleskip=\skip78
\cftbeforepartskip=\skip79
\cftpartnumwidth=\skip80
\cftpartindent=\skip81
\cftbeforechapskip=\skip82
\cftchapindent=\skip83
\cftchapnumwidth=\skip84
\cftbeforesecskip=\skip85
\cftsecindent=\skip86
\cftsecnumwidth=\skip87
\cftbeforesubsecskip=\skip88
\cftsubsecindent=\skip89
\cftsubsecnumwidth=\skip90
\cftbeforesubsubsecskip=\skip91
\cftsubsubsecindent=\skip92
\cftsubsubsecnumwidth=\skip93
\cftbeforeparaskip=\skip94
\cftparaindent=\skip95
\cftparanumwidth=\skip96
\cftbeforesubparaskip=\skip97
\cftsubparaindent=\skip98
\cftsubparanumwidth=\skip99
\cftbeforeloftitleskip=\skip100
\cftafterloftitleskip=\skip101
\cftbeforefigskip=\skip102
\cftfigindent=\skip103
\cftfignumwidth=\skip104
\c@lofdepth=\count287
\c@lotdepth=\count288
\cftbeforelottitleskip=\skip105
\cftafterlottitleskip=\skip106
\cftbeforetabskip=\skip107
\cfttabindent=\skip108
\cfttabnumwidth=\skip109
)
\@indexfile=\write3
\openout3 = `refman.idx'.


Writing index file refman.idx
(/usr/local/texlive/2020/texmf-dist/tex/latex/amsmath/amsmath.sty
Package: amsmath 2020/09/23 v2.17i AMS math features
\@mathmargin=\skip110

For additional information on amsmath, use the `?' option.
(/usr/local/texlive/2020/texmf-dist/tex/latex/amsmath/amstext.sty
Package: amstext 2000/06/29 v2.01 AMS text

(/usr/local/texlive/2020/texmf-dist/tex/latex/amsmath/amsgen.sty
File: amsgen.sty 1999/11/30 v2.0 generic functions
\@emptytoks=\toks31
\ex@=\dimen192
))
(/usr/local/texlive/2020/texmf-dist/tex/latex/amsmath/amsbsy.sty
Package: amsbsy 1999/11/29 v1.2d Bold Symbols
\pmbraise@=\dimen193
)
(/usr/local/texlive/2020/texmf-dist/tex/latex/amsmath/amsopn.sty
Package: amsopn 2016/03/08 v2.02 operator names
)
\inf@bad=\count289
LaTeX Info: Redefining \frac on input line 234.
\uproot@=\count290
\leftroot@=\count291
LaTeX Info: Redefining \overline on input line 399.
\classnum@=\count292
\DOTSCASE@=\count293
LaTeX Info: Redefining \ldots on input line 496.
LaTeX Info: Redefining \dots on input line 499.
LaTeX Info: Redefining \cdots on input line 620.
\Mathstrutbox@=\box108
\strutbox@=\box109
\big@size=\dimen194
LaTeX Font Info:    Redeclaring font encoding OML on input line 743.
LaTeX Font Info:    Redeclaring font encoding OMS on input line 744.
\macc@depth=\count294
\c@MaxMatrixCols=\count295
\dotsspace@=\muskip16
\c@parentequation=\count296
\dspbrk@lvl=\count297
\tag@help=\toks32
\row@=\count298
\column@=\count299
\maxfields@=\count300
\andhelp@=\toks33
\eqnshift@=\dimen195
\alignsep@=\dimen196
\tagshift@=\dimen197
\tagwidth@=\dimen198
\totwidth@=\dimen199
\lineht@=\dimen256
\@envbody=\toks34
\multlinegap=\skip111
\multlinetaggap=\skip112
\mathdisplay@stack=\toks35
LaTeX Info: Redefining \[ on input line 2923.
LaTeX Info: Redefining \] on input line 2924.
)
(/usr/local/texlive/2020/texmf-dist/tex/generic/iftex/ifpdf.sty
Package: ifpdf 2019/10/25 v3.4 ifpdf legacy package. Use iftex instead.
)
(/usr/local/texlive/2020/texmf-dist/tex/latex/hyperref/hyperref.sty
Package: hyperref 2021-02-08 v7.00i Hypertext links for LaTeX

(/usr/local/texlive/2020/texmf-dist/tex/generic/ltxcmds/ltxcmds.sty
Package: ltxcmds 2020-05-10 v1.25 LaTeX kernel commands for general use (HO)
)
(/usr/local/texlive/2020/texmf-dist/tex/generic/pdftexcmds/pdftexcmds.sty
Package: pdftexcmds 2020-06-27 v0.33 Utility functions of pdfTeX for LuaTeX (HO
)

(/usr/local/texlive/2020/texmf-dist/tex/generic/infwarerr/infwarerr.sty
Package: infwarerr 2019/12/03 v1.5 Providing info/warning/error messages (HO)
)
Package pdftexcmds Info: \pdf@primitive is available.
Package pdftexcmds Info: \pdf@ifprimitive is available.
Package pdftexcmds Info: \pdfdraftmode found.
)
(/usr/local/texlive/2020/texmf-dist/tex/generic/kvsetkeys/kvsetkeys.sty
Package: kvsetkeys 2019/12/15 v1.18 Key value parser (HO)
)
(/usr/local/texlive/2020/texmf-dist/tex/generic/kvdefinekeys/kvdefinekeys.sty
Package: kvdefinekeys 2019-12-19 v1.6 Define keys (HO)
)
(/usr/local/texlive/2020/texmf-dist/tex/generic/pdfescape/pdfescape.sty
Package: pdfescape 2019/12/09 v1.15 Implements pdfTeX's escape features (HO)
)
(/usr/local/texlive/2020/texmf-dist/tex/latex/hycolor/hycolor.sty
Package: hycolor 2020-01-27 v1.10 Color options for hyperref/bookmark (HO)
)
(/usr/local/texlive/2020/texmf-dist/tex/latex/letltxmacro/letltxmacro.sty
Package: letltxmacro 2019/12/03 v1.6 Let assignment for LaTeX macros (HO)
)
(/usr/local/texlive/2020/texmf-dist/tex/latex/auxhook/auxhook.sty
Package: auxhook 2019-12-17 v1.6 Hooks for auxiliary files (HO)
)
(/usr/local/texlive/2020/texmf-dist/tex/latex/kvoptions/kvoptions.sty
Package: kvoptions 2020-10-07 v3.14 Key value format for package options (HO)
)
\@linkdim=\dimen257
\Hy@linkcounter=\count301
\Hy@pagecounter=\count302

(/usr/local/texlive/2020/texmf-dist/tex/latex/hyperref/pd1enc.def
File: pd1enc.def 2021-02-08 v7.00i Hyperref: PDFDocEncoding definition (HO)
Now handling font encoding PD1 ...
... no UTF-8 mapping file for font encoding PD1
)
(/usr/local/texlive/2020/texmf-dist/tex/latex/hyperref/hyperref-langpatches.def
File: hyperref-langpatches.def 2021-02-08 v7.00i Hyperref: patches for babel la
nguages
) (/usr/local/texlive/2020/texmf-dist/tex/generic/intcalc/intcalc.sty
Package: intcalc 2019/12/15 v1.3 Expandable calculations with integers (HO)
)
(/usr/local/texlive/2020/texmf-dist/tex/generic/etexcmds/etexcmds.sty
Package: etexcmds 2019/12/15 v1.7 Avoid name clashes with e-TeX commands (HO)
)
\Hy@SavedSpaceFactor=\count303

(/usr/local/texlive/2020/texmf-dist/tex/latex/hyperref/puenc.def
File: puenc.def 2021-02-08 v7.00i Hyperref: PDF Unicode definition (HO)
Now handling font encoding PU ...
... no UTF-8 mapping file for font encoding PU
)
Package hyperref Info: Hyper figures OFF on input line 4180.
Package hyperref Info: Link nesting OFF on input line 4185.
Package hyperref Info: Hyper index ON on input line 4188.
Package hyperref Info: Plain pages OFF on input line 4195.
Package hyperref Info: Backreferencing ON on input line 4198.
Package hyperref Info: Implicit mode ON; LaTeX internals redefined.
Package hyperref Info: Bookmarks ON on input line 4433.

(/usr/local/texlive/2020/texmf-dist/tex/latex/hyperref/backref.sty
Package: backref 2021/02/04 v1.41 Bibliographical back referencing

(/usr/local/texlive/2020/texmf-dist/tex/latex/rerunfilecheck/rerunfilecheck.sty
Package: rerunfilecheck 2019/12/05 v1.9 Rerun checks for auxiliary files (HO)
(/usr/local/texlive/2020/texmf-dist/tex/latex/base/atveryend-ltx.sty
Package: atveryend-ltx 2020/08/19 v1.0a Emulation of the original atvery packag
e
with kernel methods
)
(/usr/local/texlive/2020/texmf-dist/tex/generic/uniquecounter/uniquecounter.sty
Package: uniquecounter 2019/12/15 v1.4 Provide unlimited unique counter (HO)
(/usr/local/texlive/2020/texmf-dist/tex/generic/bigintcalc/bigintcalc.sty
Package: bigintcalc 2019/12/15 v1.5 Expandable calculations on big integers (HO
)
))
Package uniquecounter Info: New unique counter `rerunfilecheck' on input line 2
86.
))
\c@Hy@tempcnt=\count304

(/usr/local/texlive/2020/texmf-dist/tex/latex/url/url.sty
\Urlmuskip=\muskip17
Package: url 2013/09/16  ver 3.4  Verb mode for urls, etc.
)
LaTeX Info: Redefining \url on input line 4792.
\XeTeXLinkMargin=\dimen258

(/usr/local/texlive/2020/texmf-dist/tex/generic/bitset/bitset.sty
Package: bitset 2019/12/09 v1.3 Handle bit-vector datatype (HO)
)
\Fld@menulength=\count305
\Field@Width=\dimen259
\Fld@charsize=\dimen260
Package hyperref Info: Hyper figures OFF on input line 6063.
Package hyperref Info: Link nesting OFF on input line 6068.
Package hyperref Info: Hyper index ON on input line 6071.
Package hyperref Info: backreferencing ON on input line 6076.
Package hyperref Info: Link coloring OFF on input line 6083.
Package hyperref Info: Link coloring with OCG OFF on input line 6088.
Package hyperref Info: PDF/A mode OFF on input line 6093.
LaTeX Info: Redefining \ref on input line 6133.
LaTeX Info: Redefining \pageref on input line 6137.

(/usr/local/texlive/2020/texmf-dist/tex/latex/base/atbegshi-ltx.sty
Package: atbegshi-ltx 2020/08/17 v1.0a Emulation of the original atbegshi packa
ge
with kernel methods
)
\Hy@abspage=\count306
\c@Item=\count307
\c@Hfootnote=\count308
)
Package hyperref Info: Driver: hpdftex.

(/usr/local/texlive/2020/texmf-dist/tex/latex/hyperref/hpdftex.def
File: hpdftex.def 2021-02-08 v7.00i Hyperref driver for pdfTeX
\Fld@listcount=\count309
\c@bookmark@seq@number=\count310
\Hy@SectionHShift=\skip113
)
Package hyperref Info: Option `colorlinks' set `true' on input line 109.
Package hyperref Info: Option `unicode' set `true' on input line 109.

(/usr/local/texlive/2020/texmf-dist/tex/latex/caption/caption.sty
Package: caption 2020/10/26 v3.5g Customizing captions (AR)

(/usr/local/texlive/2020/texmf-dist/tex/latex/caption/caption3.sty
Package: caption3 2020/10/21 v2.2e caption3 kernel (AR)
\captionmargin=\dimen261
\captionmargin@=\dimen262
\captionwidth=\dimen263
\caption@tempdima=\dimen264
\caption@indent=\dimen265
\caption@parindent=\dimen266
\caption@hangindent=\dimen267
Package caption Info: Standard document class detected.
)
\c@caption@flags=\count311
\c@continuedfloat=\count312
Package caption Info: float package is loaded.
Package caption Info: hyperref package is loaded.
Package caption Info: longtable package is loaded.

(/usr/local/texlive/2020/texmf-dist/tex/latex/caption/ltcaption.sty
Package: ltcaption 2020/05/30 v1.4b longtable captions (AR)
))
LaTeX Font Info:    Trying to load font information for T1+phv on input line 12
1.

(/usr/local/texlive/2020/texmf-dist/tex/latex/psnfss/t1phv.fd
File: t1phv.fd 2020/03/25 scalable font definitions for T1/phv.
)
LaTeX Font Info:    Font shape `T1/phv/m/n' will be
(Font)              scaled to size 8.99994pt on input line 121.

(/usr/local/texlive/2020/texmf-dist/tex/latex/l3backend/l3backend-pdftex.def
File: l3backend-pdftex.def 2021-02-06 L3 backend support: PDF output (pdfTeX)
\l__color_backend_stack_int=\count313
\l__pdf_internal_box=\box110
)
No file refman.aux.
\openout1 = `refman.aux'.

LaTeX Font Info:    Checking defaults for OML/cmm/m/it on input line 121.
LaTeX Font Info:    ... okay on input line 121.
LaTeX Font Info:    Checking defaults for OMS/cmsy/m/n on input line 121.
LaTeX Font Info:    ... okay on input line 121.
LaTeX Font Info:    Checking defaults for OT1/cmr/m/n on input line 121.
LaTeX Font Info:    ... okay on input line 121.
LaTeX Font Info:    Checking defaults for T1/cmr/m/n on input line 121.
LaTeX Font Info:    ... okay on input line 121.
LaTeX Font Info:    Checking defaults for TS1/cmr/m/n on input line 121.
LaTeX Font Info:    ... okay on input line 121.
LaTeX Font Info:    Checking defaults for OMX/cmex/m/n on input line 121.
LaTeX Font Info:    ... okay on input line 121.
LaTeX Font Info:    Checking defaults for U/cmr/m/n on input line 121.
LaTeX Font Info:    ... okay on input line 121.
LaTeX Font Info:    Checking defaults for PD1/pdf/m/n on input line 121.
LaTeX Font Info:    ... okay on input line 121.
LaTeX Font Info:    Checking defaults for PU/pdf/m/n on input line 121.
LaTeX Font Info:    ... okay on input line 121.
(/usr/local/texlive/2020/texmf-dist/tex/context/base/mkii/supp-pdf.mkii
[Loading MPS to PDF converter (version 2006.09.02).]
\scratchcounter=\count314
\scratchdimen=\dimen268
\scratchbox=\box111
\nofMPsegments=\count315
\nofMParguments=\count316
\everyMPshowfont=\toks36
\MPscratchCnt=\count317
\MPscratchDim=\dimen269
\MPnumerator=\count318
\makeMPintoPDFobject=\count319
\everyMPtoPDFconversion=\toks37
) (/usr/local/texlive/2020/texmf-dist/tex/latex/epstopdf-pkg/epstopdf-base.sty
Package: epstopdf-base 2020-01-24 v2.11 Base part for package epstopdf
Package epstopdf-base Info: Redefining graphics rule for `.eps' on input line 4
85.

(/usr/local/texlive/2020/texmf-dist/tex/latex/latexconfig/epstopdf-sys.cfg
File: epstopdf-sys.cfg 2010/07/13 v1.3 Configuration of (r)epstopdf for TeX Liv
e
))
*geometry* driver: auto-detecting
*geometry* detected driver: pdftex
*geometry* verbose mode - [ preamble ] result:
* driver: pdftex
* paper: a4paper
* layout: <same size as paper>
* layoutoffset:(h,v)=(0.0pt,0.0pt)
* modes: twoside 
* h-part:(L,W,R)=(71.13188pt, 455.24411pt, 71.13188pt)
* v-part:(T,H,B)=(71.13188pt, 702.78308pt, 71.13188pt)
* \paperwidth=597.50787pt
* \paperheight=845.04684pt
* \textwidth=455.24411pt
* \textheight=702.78308pt
* \oddsidemargin=-1.1381pt
* \evensidemargin=-1.1381pt
* \topmargin=-31.2056pt
* \headheight=12.0pt
* \headsep=18.06749pt
* \topskip=10.0pt
* \footskip=25.29494pt
* \marginparwidth=125.0pt
* \marginparsep=7.0pt
* \columnsep=10.0pt
* \skip\footins=9.0pt plus 4.0pt minus 2.0pt
* \hoffset=0.0pt
* \voffset=0.0pt
* \mag=1000
* \@twocolumnfalse
* \@twosidetrue
* \@mparswitchtrue
* \@reversemarginfalse
* (1in=72.27pt=25.4mm, 1cm=28.453pt)

Package hyperref Info: Link coloring ON on input line 121.
(/usr/local/texlive/2020/texmf-dist/tex/latex/hyperref/nameref.sty
Package: nameref 2021-04-02 v2.47 Cross-referencing by name of section

(/usr/local/texlive/2020/texmf-dist/tex/latex/refcount/refcount.sty
Package: refcount 2019/12/15 v3.6 Data extraction from label references (HO)
)
(/usr/local/texlive/2020/texmf-dist/tex/generic/gettitlestring/gettitlestring.s
ty
Package: gettitlestring 2019/12/15 v1.6 Cleanup title references (HO)
)
\c@section@level=\count320
)
LaTeX Info: Redefining \ref on input line 121.
LaTeX Info: Redefining \pageref on input line 121.
LaTeX Info: Redefining \nameref on input line 121.
\@outlinefile=\write4
\openout4 = `refman.out'.

Package backref Info: ** backref set up for natbib ** on input line 121.
Package caption Info: Begin \AtBeginDocument code.
Package caption Info: End \AtBeginDocument code.
Package hyperref Info: Option `pageanchor' set `false' on input line 127.
Package hyperref Info: Option `bookmarksnumbered' set `true' on input line 127.

Package hyperref Info: Option `unicode' set `true' on input line 127.
LaTeX Font Info:    Font shape `T1/phv/m/n' will be
(Font)              scaled to size 12.9599pt on input line 132.
LaTeX Font Info:    Font shape `T1/phv/m/n' will be
(Font)              scaled to size 6.29996pt on input line 132.
LaTeX Font Info:    Trying to load font information for U+wasy on input line 13
2.
 (/usr/local/texlive/2020/texmf-dist/tex/latex/wasysym/uwasy.fd
File: uwasy.fd 2020/01/19 v2.4 Wasy-2 symbol font definitions
)
LaTeX Font Info:    Trying to load font information for U+msa on input line 132
.

(/usr/local/texlive/2020/texmf-dist/tex/latex/amsfonts/umsa.fd
File: umsa.fd 2013/01/14 v3.01 AMS symbols A
)
LaTeX Font Info:    Trying to load font information for U+msb on input line 132
.

(/usr/local/texlive/2020/texmf-dist/tex/latex/amsfonts/umsb.fd
File: umsb.fd 2013/01/14 v3.01 AMS symbols B
)
LaTeX Font Info:    Font shape `T1/phv/m/n' will be
(Font)              scaled to size 10.79993pt on input line 132.
 [1


{/usr/local/texlive/2020/texmf-var/fonts/map/pdftex/updmap/pdftex.map}] [2

]
LaTeX Font Info:    Font shape `T1/phv/m/n' will be
(Font)              scaled to size 22.39185pt on input line 139.
LaTeX Font Info:    Font shape `T1/phv/b/n' will be
(Font)              scaled to size 22.39185pt on input line 139.
LaTeX Font Info:    Font shape `T1/phv/bc/n' will be
(Font)              scaled to size 22.39185pt on input line 139.
\tf@toc=\write5
\openout5 = `refman.toc'.

 [1

] [2

]
Package hyperref Info: Option `pageanchor' set `true' on input line 142.

Chapter 1.
LaTeX Font Info:    Font shape `T1/phv/m/n' will be
(Font)              scaled to size 18.66588pt on input line 145.
LaTeX Font Info:    Font shape `T1/phv/b/n' will be
(Font)              scaled to size 18.66588pt on input line 145.
LaTeX Font Info:    Font shape `T1/phv/bc/n' will be
(Font)              scaled to size 18.66588pt on input line 145.
(./index.tex
LaTeX Font Info:    Trying to load font information for T1+pcr on input line 1.

 (/usr/local/texlive/2020/texmf-dist/tex/latex/psnfss/t1pcr.fd
File: t1pcr.fd 2001/06/04 font definitions for T1/pcr.
)
LaTeX Font Info:    Font shape `T1/phv/b/n' will be
(Font)              scaled to size 12.9599pt on input line 3.
LaTeX Font Info:    Font shape `T1/phv/bc/n' will be
(Font)              scaled to size 12.9599pt on input line 3.
LaTeX Font Info:    Font shape `T1/phv/bc/n' will be
(Font)              scaled to size 6.29996pt on input line 3.
LaTeX Font Info:    Font shape `T1/phv/b/n' will be
(Font)              scaled to size 10.79993pt on input line 9.
LaTeX Font Info:    Font shape `T1/phv/bc/n' will be
(Font)              scaled to size 10.79993pt on input line 9.

Underfull \hbox (badness 1325) in paragraph at lines 11--12
\T1/phv/m/n/10 In the fol-low-ing code we cre-ate an ar-ray of size 5x5 of clas
s \T1/pcr/m/n/10 Network \T1/phv/m/n/10 (avail-able in the names-pace
 []

[1

])
LaTeX Font Info:    Font shape `T1/phv/b/n' will be
(Font)              scaled to size 8.99994pt on input line 147.
LaTeX Font Info:    Font shape `T1/phv/b/n' will be
(Font)              scaled to size 6.29996pt on input line 147.
 [2]
Chapter 2.
(./namespaces.tex

LaTeX Warning: Reference `namespacebarry' on page 3 undefined on input line 3.


LaTeX Warning: Reference `namespacebarry_1_1_c_h_e_c_k' on page 3 undefined on 
input line 4.


LaTeX Warning: Reference `namespacebarry_1_1counters' on page 3 undefined on in
put line 5.


LaTeX Warning: Reference `namespacebarry_1_1counters_1_1network' on page 3 unde
fined on input line 6.


LaTeX Warning: Reference `namespacebarry_1_1counters_1_1phylo' on page 3 undefi
ned on input line 7.


LaTeX Warning: Reference `namespacebarry_1_1_e_x_i_s_t_s' on page 3 undefined o
n input line 8.


LaTeX Warning: Reference `namespace_c_h_e_c_k' on page 3 undefined on input lin
e 9.


LaTeX Warning: Reference `namespace_e_x_i_s_t_s' on page 3 undefined on input l
ine 10.

) [3

] [4

]
Chapter 3.
(./annotated.tex

LaTeX Warning: Reference `class_b_array' on page 5 undefined on input line 3.


LaTeX Warning: Reference `classbarry_1_1_b_array' on page 5 undefined on input 
line 4.


LaTeX Warning: Reference `class_b_array_cell' on page 5 undefined on input line
 5.


LaTeX Warning: Reference `classbarry_1_1_cell' on page 5 undefined on input lin
e 6.


LaTeX Warning: Reference `class_cell' on page 5 undefined on input line 7.


LaTeX Warning: Reference `class_cell_seq' on page 5 undefined on input line 8.


LaTeX Warning: Reference `classbarry_1_1_cell_seq' on page 5 undefined on input
 line 9.


LaTeX Warning: Reference `class_const_b_array_row_iter' on page 5 undefined on 
input line 10.


LaTeX Warning: Reference `classbarry_1_1_counter' on page 5 undefined on input 
line 11.


LaTeX Warning: Reference `class_counter' on page 5 undefined on input line 12.


LaTeX Warning: Reference `classbarry_1_1_counters' on page 5 undefined on input
 line 13.


LaTeX Warning: Reference `class_counters' on page 5 undefined on input line 14.



LaTeX Warning: Reference `class_entries' on page 5 undefined on input line 15.


LaTeX Warning: Reference `classbarry_1_1_entries' on page 5 undefined on input 
line 16.


LaTeX Warning: Reference `class_freq_table' on page 5 undefined on input line 1
7.


LaTeX Warning: Reference `classbarry_1_1_freq_table' on page 5 undefined on inp
ut line 18.


Underfull \hbox (badness 10000) in paragraph at lines 19--19
 \T1/phv/m/n/10 nen-tial mod-els in the form of a lin-ear ex-po-nen-tial model[
]:  
 []


LaTeX Warning: Reference `classbarry_1_1_model' on page 5 undefined on input li
ne 19.


Underfull \hbox (badness 10000) in paragraph at lines 20--20
 \T1/phv/m/n/10 nen-tial mod-els in the form of a lin-ear ex-po-nen-tial model[
]:  
 []

[5]

LaTeX Warning: Reference `class_model' on page 6 undefined on input line 20.


LaTeX Warning: Reference `classbarry_1_1counters_1_1network_1_1_net_counter_dat
a' on page 6 undefined on input line 21.


LaTeX Warning: Reference `class_net_counter_data' on page 6 undefined on input 
line 22.


LaTeX Warning: Reference `classbarry_1_1counters_1_1network_1_1_network_data' o
n page 6 undefined on input line 23.


LaTeX Warning: Reference `class_network_data' on page 6 undefined on input line
 24.


LaTeX Warning: Reference `class_node_data' on page 6 undefined on input line 25
.


LaTeX Warning: Reference `classbarry_1_1counters_1_1phylo_1_1_node_data' on pag
e 6 undefined on input line 26.


LaTeX Warning: Reference `classbarry_1_1_power_set' on page 6 undefined on inpu
t line 27.


LaTeX Warning: Reference `class_power_set' on page 6 undefined on input line 28
.


LaTeX Warning: Reference `classbarry_1_1_rule' on page 6 undefined on input lin
e 29.


LaTeX Warning: Reference `class_rule' on page 6 undefined on input line 30.


LaTeX Warning: Reference `classbarry_1_1_rules' on page 6 undefined on input li
ne 31.


LaTeX Warning: Reference `class_rules' on page 6 undefined on input line 32.


LaTeX Warning: Reference `class_stats_counter' on page 6 undefined on input lin
e 33.


LaTeX Warning: Reference `classbarry_1_1_stats_counter' on page 6 undefined on 
input line 34.


LaTeX Warning: Reference `classbarry_1_1_support' on page 6 undefined on input 
line 35.


LaTeX Warning: Reference `class_support' on page 6 undefined on input line 36.


LaTeX Warning: Reference `structbarry_1_1vec_hasher' on page 6 undefined on inp
ut line 37.


LaTeX Warning: Reference `structvec_hasher' on page 6 undefined on input line 3
8.

) [6]
Chapter 4.
(./files.tex

LaTeX Warning: Reference `barray-bones_8hpp' on page 7 undefined on input line 
3.


LaTeX Warning: Reference `barray-iterator_8hpp' on page 7 undefined on input li
ne 4.


LaTeX Warning: Reference `barray-meat_8hpp' on page 7 undefined on input line 5
.


LaTeX Warning: Reference `barry_8hpp' on page 7 undefined on input line 6.


LaTeX Warning: Reference `block-bones_8hpp' on page 7 undefined on input line 7
.


LaTeX Warning: Reference `block-meat_8hpp' on page 7 undefined on input line 8.



LaTeX Warning: Reference `cell-bones_8hpp' on page 7 undefined on input line 9.



LaTeX Warning: Reference `cell-meat_8hpp' on page 7 undefined on input line 10.



LaTeX Warning: Reference `col-bones_8hpp' on page 7 undefined on input line 11.



LaTeX Warning: Reference `counters-bones_8hpp' on page 7 undefined on input lin
e 12.


LaTeX Warning: Reference `counters-meat_8hpp' on page 7 undefined on input line
 13.


LaTeX Warning: Reference `model-bones_8hpp' on page 7 undefined on input line 1
4.


LaTeX Warning: Reference `model-meat_8hpp' on page 7 undefined on input line 15
.


LaTeX Warning: Reference `powerset-bones_8hpp' on page 7 undefined on input lin
e 16.


LaTeX Warning: Reference `powerset-meat_8hpp' on page 7 undefined on input line
 17.


LaTeX Warning: Reference `rules-bones_8hpp' on page 7 undefined on input line 1
8.


LaTeX Warning: Reference `rules-meat_8hpp' on page 7 undefined on input line 19
.


LaTeX Warning: Reference `statscounter-bones_8hpp' on page 7 undefined on input
 line 20.


LaTeX Warning: Reference `statscounter-meat_8hpp' on page 7 undefined on input 
line 21.


LaTeX Warning: Reference `statsdb_8hpp' on page 7 undefined on input line 22.


LaTeX Warning: Reference `support-bones_8hpp' on page 7 undefined on input line
 23.


LaTeX Warning: Reference `support-meat_8hpp' on page 7 undefined on input line 
24.


LaTeX Warning: Reference `typedefs_8hpp' on page 7 undefined on input line 25.


LaTeX Warning: Reference `vectors_8hpp' on page 7 undefined on input line 26.


LaTeX Warning: Reference `network_8hpp' on page 7 undefined on input line 27.


LaTeX Warning: Reference `phylo_8hpp' on page 7 undefined on input line 28.

) [7

] [8

]
Chapter 5.
(./namespacebarry.tex
LaTeX Font Info:    Trying to load font information for TS1+phv on input line 6
.

(/usr/local/texlive/2020/texmf-dist/tex/latex/psnfss/ts1phv.fd
File: ts1phv.fd 2020/03/25 scalable font definitions for TS1/phv.
)
LaTeX Font Info:    Font shape `TS1/phv/m/n' will be
(Font)              scaled to size 8.99994pt on input line 6.
LaTeX Font Info:    Font shape `T1/phv/m/n' will be
(Font)              scaled to size 8.09995pt on input line 18.
LaTeX Font Info:    Font shape `T1/phv/m/it' in size <9> not available
(Font)              Font shape `T1/phv/m/sl' tried instead on input line 18.
LaTeX Font Info:    Font shape `T1/phv/m/sl' will be
(Font)              scaled to size 8.09995pt on input line 18.
LaTeX Font Info:    Font shape `T1/phv/m/it' in size <7> not available
(Font)              Font shape `T1/phv/m/sl' tried instead on input line 18.
LaTeX Font Info:    Font shape `T1/phv/m/sl' will be
(Font)              scaled to size 6.29996pt on input line 18.
LaTeX Font Info:    Font shape `T1/phv/m/n' will be
(Font)              scaled to size 7.19995pt on input line 46.
 [9]
LaTeX Font Info:    Font shape `T1/phv/bc/n' will be
(Font)              scaled to size 8.99994pt on input line 93.

Underfull \hbox (badness 10000) in paragraph at lines 105--107
\T1/pcr/m/n/8 using [][]barry[]::[]Counter[]_[]fun[]_[]type[][] = typedef std[]
::function$\OML/cmm/m/it/8 <$\T1/pcr/m/n/8 double(const Array[]_[][]Type $\OMS/
cmsy/m/n/8 ^^C$\T1/pcr/m/n/8 , [][]uint[][], [][]uint[][],
 []

[10]
! Missing } inserted.
<inserted text> 
                }
l.120 \end{DoxyParams}
                      
? R
OK, entering \nonstopmode...
! Missing } inserted.
<inserted text> 
                }
l.120 \end{DoxyParams}
                      
I've inserted something that you may have forgotten.
(See the <inserted text> above.)
With luck, this will get me unwedged. But if you
really didn't forget anything, try typing `2' now; then
my insertion and my current dilemma will both disappear.

! Missing } inserted.
<inserted text> 
                }
l.120 \end{DoxyParams}
                      
I've inserted something that you may have forgotten.
(See the <inserted text> above.)
With luck, this will get me unwedged. But if you
really didn't forget anything, try typing `2' now; then
my insertion and my current dilemma will both disappear.

! Missing \cr inserted.
<inserted text> 
                \cr 
l.120 \end{DoxyParams}
                      
I'm guessing that you meant to end an alignment here.

! Misplaced \cr.
<inserted text> \cr 
                    
l.120 \end{DoxyParams}
                      
I can't figure out why you would want to use a tab mark
or \cr or \span just now. If something like a right brace
up above has ended a previous alignment prematurely,
you're probably due for more error messages, and you
might try typing `S' now just to see what is salvageable.

! Missing \cr inserted.
<inserted text> 
                \cr 
l.120 \end{DoxyParams}
                      
I'm guessing that you meant to end an alignment here.

! Misplaced \cr.
<inserted text> \cr 
                    
l.120 \end{DoxyParams}
                      
I can't figure out why you would want to use a tab mark
or \cr or \span just now. If something like a right brace
up above has ended a previous alignment prematurely,
you're probably due for more error messages, and you
might try typing `S' now just to see what is salvageable.

! Missing \cr inserted.
<inserted text> 
                \cr 
l.120 \end{DoxyParams}
                      
I'm guessing that you meant to end an alignment here.

! Misplaced \cr.
<inserted text> \cr 
                    
l.120 \end{DoxyParams}
                      
I can't figure out why you would want to use a tab mark
or \cr or \span just now. If something like a right brace
up above has ended a previous alignment prematurely,
you're probably due for more error messages, and you
might try typing `S' now just to see what is salvageable.

! Missing \cr inserted.
<inserted text> 
                \cr 
l.120 \end{DoxyParams}
                      
I'm guessing that you meant to end an alignment here.

! Misplaced \cr.
<inserted text> \cr 
                    
l.120 \end{DoxyParams}
                      
I can't figure out why you would want to use a tab mark
or \cr or \span just now. If something like a right brace
up above has ended a previous alignment prematurely,
you're probably due for more error messages, and you
might try typing `S' now just to see what is salvageable.

! Missing \cr inserted.
<inserted text> 
                \cr 
l.120 \end{DoxyParams}
                      
I'm guessing that you meant to end an alignment here.

! Misplaced \cr.
<inserted text> \cr 
                    
l.120 \end{DoxyParams}
                      
I can't figure out why you would want to use a tab mark
or \cr or \span just now. If something like a right brace
up above has ended a previous alignment prematurely,
you're probably due for more error messages, and you
might try typing `S' now just to see what is salvageable.

! Missing \cr inserted.
<inserted text> 
                \cr 
l.120 \end{DoxyParams}
                      
I'm guessing that you meant to end an alignment here.

! Misplaced \cr.
<inserted text> \cr 
                    
l.120 \end{DoxyParams}
                      
I can't figure out why you would want to use a tab mark
or \cr or \span just now. If something like a right brace
up above has ended a previous alignment prematurely,
you're probably due for more error messages, and you
might try typing `S' now just to see what is salvageable.

! Missing \cr inserted.
<inserted text> 
                \cr 
l.120 \end{DoxyParams}
                      
I'm guessing that you meant to end an alignment here.

! Misplaced \cr.
<inserted text> \cr 
                    
l.120 \end{DoxyParams}
                      
I can't figure out why you would want to use a tab mark
or \cr or \span just now. If something like a right brace
up above has ended a previous alignment prematurely,
you're probably due for more error messages, and you
might try typing `S' now just to see what is salvageable.

! Missing \cr inserted.
<inserted text> 
                \cr 
l.120 \end{DoxyParams}
                      
I'm guessing that you meant to end an alignment here.

! Misplaced \cr.
<inserted text> \cr 
                    
l.120 \end{DoxyParams}
                      
I can't figure out why you would want to use a tab mark
or \cr or \span just now. If something like a right brace
up above has ended a previous alignment prematurely,
you're probably due for more error messages, and you
might try typing `S' now just to see what is salvageable.

! Missing \cr inserted.
<inserted text> 
                \cr 
l.120 \end{DoxyParams}
                      
I'm guessing that you meant to end an alignment here.

! Misplaced \cr.
<inserted text> \cr 
                    
l.120 \end{DoxyParams}
                      
I can't figure out why you would want to use a tab mark
or \cr or \span just now. If something like a right brace
up above has ended a previous alignment prematurely,
you're probably due for more error messages, and you
might try typing `S' now just to see what is salvageable.

! Missing \cr inserted.
<inserted text> 
                \cr 
l.120 \end{DoxyParams}
                      
I'm guessing that you meant to end an alignment here.

! Misplaced \cr.
<inserted text> \cr 
                    
l.120 \end{DoxyParams}
                      
I can't figure out why you would want to use a tab mark
or \cr or \span just now. If something like a right brace
up above has ended a previous alignment prematurely,
you're probably due for more error messages, and you
might try typing `S' now just to see what is salvageable.

! Missing \cr inserted.
<inserted text> 
                \cr 
l.120 \end{DoxyParams}
                      
I'm guessing that you meant to end an alignment here.

! Misplaced \cr.
<inserted text> \cr 
                    
l.120 \end{DoxyParams}
                      
I can't figure out why you would want to use a tab mark
or \cr or \span just now. If something like a right brace
up above has ended a previous alignment prematurely,
you're probably due for more error messages, and you
might try typing `S' now just to see what is salvageable.

! Missing \cr inserted.
<inserted text> 
                \cr 
l.120 \end{DoxyParams}
                      
I'm guessing that you meant to end an alignment here.

! Misplaced \cr.
<inserted text> \cr 
                    
l.120 \end{DoxyParams}
                      
I can't figure out why you would want to use a tab mark
or \cr or \span just now. If something like a right brace
up above has ended a previous alignment prematurely,
you're probably due for more error messages, and you
might try typing `S' now just to see what is salvageable.

! Missing \cr inserted.
<inserted text> 
                \cr 
l.120 \end{DoxyParams}
                      
I'm guessing that you meant to end an alignment here.

! Misplaced \cr.
<inserted text> \cr 
                    
l.120 \end{DoxyParams}
                      
I can't figure out why you would want to use a tab mark
or \cr or \span just now. If something like a right brace
up above has ended a previous alignment prematurely,
you're probably due for more error messages, and you
might try typing `S' now just to see what is salvageable.

! Missing \cr inserted.
<inserted text> 
                \cr 
l.120 \end{DoxyParams}
                      
I'm guessing that you meant to end an alignment here.

! Misplaced \cr.
<inserted text> \cr 
                    
l.120 \end{DoxyParams}
                      
I can't figure out why you would want to use a tab mark
or \cr or \span just now. If something like a right brace
up above has ended a previous alignment prematurely,
you're probably due for more error messages, and you
might try typing `S' now just to see what is salvageable.

! Missing \cr inserted.
<inserted text> 
                \cr 
l.120 \end{DoxyParams}
                      
I'm guessing that you meant to end an alignment here.

! Misplaced \cr.
<inserted text> \cr 
                    
l.120 \end{DoxyParams}
                      
I can't figure out why you would want to use a tab mark
or \cr or \span just now. If something like a right brace
up above has ended a previous alignment prematurely,
you're probably due for more error messages, and you
might try typing `S' now just to see what is salvageable.

! Missing \cr inserted.
<inserted text> 
                \cr 
l.120 \end{DoxyParams}
                      
I'm guessing that you meant to end an alignment here.

! Misplaced \cr.
<inserted text> \cr 
                    
l.120 \end{DoxyParams}
                      
I can't figure out why you would want to use a tab mark
or \cr or \span just now. If something like a right brace
up above has ended a previous alignment prematurely,
you're probably due for more error messages, and you
might try typing `S' now just to see what is salvageable.

! Missing \cr inserted.
<inserted text> 
                \cr 
l.120 \end{DoxyParams}
                      
I'm guessing that you meant to end an alignment here.

! Misplaced \cr.
<inserted text> \cr 
                    
l.120 \end{DoxyParams}
                      
I can't figure out why you would want to use a tab mark
or \cr or \span just now. If something like a right brace
up above has ended a previous alignment prematurely,
you're probably due for more error messages, and you
might try typing `S' now just to see what is salvageable.

! Missing \cr inserted.
<inserted text> 
                \cr 
l.120 \end{DoxyParams}
                      
I'm guessing that you meant to end an alignment here.

! Misplaced \cr.
<inserted text> \cr 
                    
l.120 \end{DoxyParams}
                      
I can't figure out why you would want to use a tab mark
or \cr or \span just now. If something like a right brace
up above has ended a previous alignment prematurely,
you're probably due for more error messages, and you
might try typing `S' now just to see what is salvageable.

! Missing \cr inserted.
<inserted text> 
                \cr 
l.120 \end{DoxyParams}
                      
I'm guessing that you meant to end an alignment here.

! Misplaced \cr.
<inserted text> \cr 
                    
l.120 \end{DoxyParams}
                      
I can't figure out why you would want to use a tab mark
or \cr or \span just now. If something like a right brace
up above has ended a previous alignment prematurely,
you're probably due for more error messages, and you
might try typing `S' now just to see what is salvageable.

! Missing \cr inserted.
<inserted text> 
                \cr 
l.120 \end{DoxyParams}
                      
I'm guessing that you meant to end an alignment here.

! Misplaced \cr.
<inserted text> \cr 
                    
l.120 \end{DoxyParams}
                      
I can't figure out why you would want to use a tab mark
or \cr or \span just now. If something like a right brace
up above has ended a previous alignment prematurely,
you're probably due for more error messages, and you
might try typing `S' now just to see what is salvageable.

! Missing \cr inserted.
<inserted text> 
                \cr 
l.120 \end{DoxyParams}
                      
I'm guessing that you meant to end an alignment here.

! Misplaced \cr.
<inserted text> \cr 
                    
l.120 \end{DoxyParams}
                      
I can't figure out why you would want to use a tab mark
or \cr or \span just now. If something like a right brace
up above has ended a previous alignment prematurely,
you're probably due for more error messages, and you
might try typing `S' now just to see what is salvageable.

! Missing \cr inserted.
<inserted text> 
                \cr 
l.120 \end{DoxyParams}
                      
I'm guessing that you meant to end an alignment here.

! Misplaced \cr.
<inserted text> \cr 
                    
l.120 \end{DoxyParams}
                      
I can't figure out why you would want to use a tab mark
or \cr or \span just now. If something like a right brace
up above has ended a previous alignment prematurely,
you're probably due for more error messages, and you
might try typing `S' now just to see what is salvageable.

! Missing \cr inserted.
<inserted text> 
                \cr 
l.120 \end{DoxyParams}
                      
I'm guessing that you meant to end an alignment here.

! Misplaced \cr.
<inserted text> \cr 
                    
l.120 \end{DoxyParams}
                      
I can't figure out why you would want to use a tab mark
or \cr or \span just now. If something like a right brace
up above has ended a previous alignment prematurely,
you're probably due for more error messages, and you
might try typing `S' now just to see what is salvageable.

! Missing \cr inserted.
<inserted text> 
                \cr 
l.120 \end{DoxyParams}
                      
I'm guessing that you meant to end an alignment here.

! Misplaced \cr.
<inserted text> \cr 
                    
l.120 \end{DoxyParams}
                      
I can't figure out why you would want to use a tab mark
or \cr or \span just now. If something like a right brace
up above has ended a previous alignment prematurely,
you're probably due for more error messages, and you
might try typing `S' now just to see what is salvageable.

! Missing \cr inserted.
<inserted text> 
                \cr 
l.120 \end{DoxyParams}
                      
I'm guessing that you meant to end an alignment here.

! Misplaced \cr.
<inserted text> \cr 
                    
l.120 \end{DoxyParams}
                      
I can't figure out why you would want to use a tab mark
or \cr or \span just now. If something like a right brace
up above has ended a previous alignment prematurely,
you're probably due for more error messages, and you
might try typing `S' now just to see what is salvageable.

! Missing \cr inserted.
<inserted text> 
                \cr 
l.120 \end{DoxyParams}
                      
I'm guessing that you meant to end an alignment here.

! Misplaced \cr.
<inserted text> \cr 
                    
l.120 \end{DoxyParams}
                      
I can't figure out why you would want to use a tab mark
or \cr or \span just now. If something like a right brace
up above has ended a previous alignment prematurely,
you're probably due for more error messages, and you
might try typing `S' now just to see what is salvageable.

! Missing \cr inserted.
<inserted text> 
                \cr 
l.120 \end{DoxyParams}
                      
I'm guessing that you meant to end an alignment here.

! Misplaced \cr.
<inserted text> \cr 
                    
l.120 \end{DoxyParams}
                      
I can't figure out why you would want to use a tab mark
or \cr or \span just now. If something like a right brace
up above has ended a previous alignment prematurely,
you're probably due for more error messages, and you
might try typing `S' now just to see what is salvageable.

! Missing \cr inserted.
<inserted text> 
                \cr 
l.120 \end{DoxyParams}
                      
I'm guessing that you meant to end an alignment here.

! Misplaced \cr.
<inserted text> \cr 
                    
l.120 \end{DoxyParams}
                      
I can't figure out why you would want to use a tab mark
or \cr or \span just now. If something like a right brace
up above has ended a previous alignment prematurely,
you're probably due for more error messages, and you
might try typing `S' now just to see what is salvageable.

! Missing \cr inserted.
<inserted text> 
                \cr 
l.120 \end{DoxyParams}
                      
I'm guessing that you meant to end an alignment here.

! Misplaced \cr.
<inserted text> \cr 
                    
l.120 \end{DoxyParams}
                      
I can't figure out why you would want to use a tab mark
or \cr or \span just now. If something like a right brace
up above has ended a previous alignment prematurely,
you're probably due for more error messages, and you
might try typing `S' now just to see what is salvageable.

! Missing \cr inserted.
<inserted text> 
                \cr 
l.120 \end{DoxyParams}
                      
I'm guessing that you meant to end an alignment here.

! Misplaced \cr.
<inserted text> \cr 
                    
l.120 \end{DoxyParams}
                      
I can't figure out why you would want to use a tab mark
or \cr or \span just now. If something like a right brace
up above has ended a previous alignment prematurely,
you're probably due for more error messages, and you
might try typing `S' now just to see what is salvageable.

! Missing \cr inserted.
<inserted text> 
                \cr 
l.120 \end{DoxyParams}
                      
I'm guessing that you meant to end an alignment here.

! Misplaced \cr.
<inserted text> \cr 
                    
l.120 \end{DoxyParams}
                      
I can't figure out why you would want to use a tab mark
or \cr or \span just now. If something like a right brace
up above has ended a previous alignment prematurely,
you're probably due for more error messages, and you
might try typing `S' now just to see what is salvageable.

! Missing \cr inserted.
<inserted text> 
                \cr 
l.120 \end{DoxyParams}
                      
I'm guessing that you meant to end an alignment here.

! Misplaced \cr.
<inserted text> \cr 
                    
l.120 \end{DoxyParams}
                      
I can't figure out why you would want to use a tab mark
or \cr or \span just now. If something like a right brace
up above has ended a previous alignment prematurely,
you're probably due for more error messages, and you
might try typing `S' now just to see what is salvageable.

! Missing \cr inserted.
<inserted text> 
                \cr 
l.120 \end{DoxyParams}
                      
I'm guessing that you meant to end an alignment here.

! Misplaced \cr.
<inserted text> \cr 
                    
l.120 \end{DoxyParams}
                      
I can't figure out why you would want to use a tab mark
or \cr or \span just now. If something like a right brace
up above has ended a previous alignment prematurely,
you're probably due for more error messages, and you
might try typing `S' now just to see what is salvageable.

! Missing \cr inserted.
<inserted text> 
                \cr 
l.120 \end{DoxyParams}
                      
I'm guessing that you meant to end an alignment here.

! Misplaced \cr.
<inserted text> \cr 
                    
l.120 \end{DoxyParams}
                      
I can't figure out why you would want to use a tab mark
or \cr or \span just now. If something like a right brace
up above has ended a previous alignment prematurely,
you're probably due for more error messages, and you
might try typing `S' now just to see what is salvageable.

! Missing \cr inserted.
<inserted text> 
                \cr 
l.120 \end{DoxyParams}
                      
I'm guessing that you meant to end an alignment here.

! Misplaced \cr.
<inserted text> \cr 
                    
l.120 \end{DoxyParams}
                      
I can't figure out why you would want to use a tab mark
or \cr or \span just now. If something like a right brace
up above has ended a previous alignment prematurely,
you're probably due for more error messages, and you
might try typing `S' now just to see what is salvageable.

! Missing \cr inserted.
<inserted text> 
                \cr 
l.120 \end{DoxyParams}
                      
I'm guessing that you meant to end an alignment here.

! Misplaced \cr.
<inserted text> \cr 
                    
l.120 \end{DoxyParams}
                      
I can't figure out why you would want to use a tab mark
or \cr or \span just now. If something like a right brace
up above has ended a previous alignment prematurely,
you're probably due for more error messages, and you
might try typing `S' now just to see what is salvageable.

! Missing \cr inserted.
<inserted text> 
                \cr 
l.120 \end{DoxyParams}
                      
I'm guessing that you meant to end an alignment here.

! Misplaced \cr.
<inserted text> \cr 
                    
l.120 \end{DoxyParams}
                      
I can't figure out why you would want to use a tab mark
or \cr or \span just now. If something like a right brace
up above has ended a previous alignment prematurely,
you're probably due for more error messages, and you
might try typing `S' now just to see what is salvageable.

! Missing \cr inserted.
<inserted text> 
                \cr 
l.120 \end{DoxyParams}
                      
I'm guessing that you meant to end an alignment here.

! Misplaced \cr.
<inserted text> \cr 
                    
l.120 \end{DoxyParams}
                      
I can't figure out why you would want to use a tab mark
or \cr or \span just now. If something like a right brace
up above has ended a previous alignment prematurely,
you're probably due for more error messages, and you
might try typing `S' now just to see what is salvageable.

! Missing \cr inserted.
<inserted text> 
                \cr 
l.120 \end{DoxyParams}
                      
I'm guessing that you meant to end an alignment here.

! Misplaced \cr.
<inserted text> \cr 
                    
l.120 \end{DoxyParams}
                      
I can't figure out why you would want to use a tab mark
or \cr or \span just now. If something like a right brace
up above has ended a previous alignment prematurely,
you're probably due for more error messages, and you
might try typing `S' now just to see what is salvageable.

! Missing \cr inserted.
<inserted text> 
                \cr 
l.120 \end{DoxyParams}
                      
I'm guessing that you meant to end an alignment here.

! Misplaced \cr.
<inserted text> \cr 
                    
l.120 \end{DoxyParams}
                      
I can't figure out why you would want to use a tab mark
or \cr or \span just now. If something like a right brace
up above has ended a previous alignment prematurely,
you're probably due for more error messages, and you
might try typing `S' now just to see what is salvageable.

! Missing \cr inserted.
<inserted text> 
                \cr 
l.120 \end{DoxyParams}
                      
I'm guessing that you meant to end an alignment here.

! Misplaced \cr.
<inserted text> \cr 
                    
l.120 \end{DoxyParams}
                      
I can't figure out why you would want to use a tab mark
or \cr or \span just now. If something like a right brace
up above has ended a previous alignment prematurely,
you're probably due for more error messages, and you
might try typing `S' now just to see what is salvageable.

! Missing \cr inserted.
<inserted text> 
                \cr 
l.120 \end{DoxyParams}
                      
I'm guessing that you meant to end an alignment here.

! Misplaced \cr.
<inserted text> \cr 
                    
l.120 \end{DoxyParams}
                      
I can't figure out why you would want to use a tab mark
or \cr or \span just now. If something like a right brace
up above has ended a previous alignment prematurely,
you're probably due for more error messages, and you
might try typing `S' now just to see what is salvageable.

! Missing \cr inserted.
<inserted text> 
                \cr 
l.120 \end{DoxyParams}
                      
I'm guessing that you meant to end an alignment here.

! Misplaced \cr.
<inserted text> \cr 
                    
l.120 \end{DoxyParams}
                      
I can't figure out why you would want to use a tab mark
or \cr or \span just now. If something like a right brace
up above has ended a previous alignment prematurely,
you're probably due for more error messages, and you
might try typing `S' now just to see what is salvageable.

! Missing \cr inserted.
<inserted text> 
                \cr 
l.120 \end{DoxyParams}
                      
I'm guessing that you meant to end an alignment here.

! Misplaced \cr.
<inserted text> \cr 
                    
l.120 \end{DoxyParams}
                      
I can't figure out why you would want to use a tab mark
or \cr or \span just now. If something like a right brace
up above has ended a previous alignment prematurely,
you're probably due for more error messages, and you
might try typing `S' now just to see what is salvageable.

! Missing \cr inserted.
<inserted text> 
                \cr 
l.120 \end{DoxyParams}
                      
I'm guessing that you meant to end an alignment here.

! Misplaced \cr.
<inserted text> \cr 
                    
l.120 \end{DoxyParams}
                      
I can't figure out why you would want to use a tab mark
or \cr or \span just now. If something like a right brace
up above has ended a previous alignment prematurely,
you're probably due for more error messages, and you
might try typing `S' now just to see what is salvageable.

! Missing \cr inserted.
<inserted text> 
                \cr 
l.120 \end{DoxyParams}
                      
I'm guessing that you meant to end an alignment here.

! Misplaced \cr.
<inserted text> \cr 
                    
l.120 \end{DoxyParams}
                      
I can't figure out why you would want to use a tab mark
or \cr or \span just now. If something like a right brace
up above has ended a previous alignment prematurely,
you're probably due for more error messages, and you
might try typing `S' now just to see what is salvageable.

! Missing \cr inserted.
<inserted text> 
                \cr 
l.120 \end{DoxyParams}
                      
I'm guessing that you meant to end an alignment here.

! Misplaced \cr.
<inserted text> \cr 
                    
l.120 \end{DoxyParams}
                      
I can't figure out why you would want to use a tab mark
or \cr or \span just now. If something like a right brace
up above has ended a previous alignment prematurely,
you're probably due for more error messages, and you
might try typing `S' now just to see what is salvageable.

! Missing \cr inserted.
<inserted text> 
                \cr 
l.120 \end{DoxyParams}
                      
I'm guessing that you meant to end an alignment here.

! Misplaced \cr.
<inserted text> \cr 
                    
l.120 \end{DoxyParams}
                      
I can't figure out why you would want to use a tab mark
or \cr or \span just now. If something like a right brace
up above has ended a previous alignment prematurely,
you're probably due for more error messages, and you
might try typing `S' now just to see what is salvageable.

! Missing \cr inserted.
<inserted text> 
                \cr 
l.120 \end{DoxyParams}
                      
I'm guessing that you meant to end an alignment here.

! Misplaced \cr.
<inserted text> \cr 
                    
l.120 \end{DoxyParams}
                      
(That makes 100 errors; please try again.) 
Here is how much of TeX's memory you used:
 15381 strings out of 479302
 228807 string characters out of 5867245
 569919 words of memory out of 5000000
 32152 multiletter control sequences out of 15000+600000
 466427 words of font info for 102 fonts, out of 8000000 for 9000
 1141 hyphenation exceptions out of 8191
 98i,14n,117p,546b,576s stack positions out of 5000i,500n,10000p,200000b,80000s

!  ==> Fatal error occurred, no output PDF file produced!
