\BOOKMARK [0][-]{chapter.1}{\376\377\0001\000\040\000M\000a\000i\000n\000\040\000P\000a\000g\000e}{}% 1
\BOOKMARK [0][-]{chapter.2}{\376\377\0002\000\040\000N\000a\000m\000e\000s\000p\000a\000c\000e\000\040\000I\000n\000d\000e\000x}{}% 2
\BOOKMARK [1][-]{section.2.1}{\376\377\0002\000.\0001\000\040\000N\000a\000m\000e\000s\000p\000a\000c\000e\000\040\000L\000i\000s\000t}{chapter.2}% 3
\BOOKMARK [0][-]{chapter.3}{\376\377\0003\000\040\000C\000l\000a\000s\000s\000\040\000I\000n\000d\000e\000x}{}% 4
\BOOKMARK [1][-]{section.3.1}{\376\377\0003\000.\0001\000\040\000C\000l\000a\000s\000s\000\040\000L\000i\000s\000t}{chapter.3}% 5
\BOOKMARK [0][-]{chapter.4}{\376\377\0004\000\040\000F\000i\000l\000e\000\040\000I\000n\000d\000e\000x}{}% 6
\BOOKMARK [1][-]{section.4.1}{\376\377\0004\000.\0001\000\040\000F\000i\000l\000e\000\040\000L\000i\000s\000t}{chapter.4}% 7
\BOOKMARK [0][-]{chapter.5}{\376\377\0005\000\040\000N\000a\000m\000e\000s\000p\000a\000c\000e\000\040\000D\000o\000c\000u\000m\000e\000n\000t\000a\000t\000i\000o\000n}{}% 8
\BOOKMARK [1][-]{section.5.1}{\376\377\0005\000.\0001\000\040\000b\000a\000r\000r\000a\000y\000\040\000N\000a\000m\000e\000s\000p\000a\000c\000e\000\040\000R\000e\000f\000e\000r\000e\000n\000c\000e}{chapter.5}% 9
\BOOKMARK [2][-]{subsection.5.1.1}{\376\377\0005\000.\0001\000.\0001\000\040\000T\000y\000p\000e\000d\000e\000f\000\040\000D\000o\000c\000u\000m\000e\000n\000t\000a\000t\000i\000o\000n}{section.5.1}% 10
\BOOKMARK [3][-]{subsubsection.5.1.1.1}{\376\377\0005\000.\0001\000.\0001\000.\0001\000\040\000C\000o\000l\000\137\000t\000y\000p\000e}{subsection.5.1.1}% 11
\BOOKMARK [3][-]{subsubsection.5.1.1.2}{\376\377\0005\000.\0001\000.\0001\000.\0002\000\040\000C\000o\000u\000n\000t\000e\000r\000\137\000f\000u\000n\000\137\000t\000y\000p\000e}{subsection.5.1.1}% 12
\BOOKMARK [3][-]{subsubsection.5.1.1.3}{\376\377\0005\000.\0001\000.\0001\000.\0003\000\040\000C\000o\000u\000n\000t\000s\000\137\000t\000y\000p\000e}{subsection.5.1.1}% 13
\BOOKMARK [3][-]{subsubsection.5.1.1.4}{\376\377\0005\000.\0001\000.\0001\000.\0004\000\040\000R\000o\000w\000\137\000t\000y\000p\000e}{subsection.5.1.1}% 14
\BOOKMARK [3][-]{subsubsection.5.1.1.5}{\376\377\0005\000.\0001\000.\0001\000.\0005\000\040\000u\000i\000n\000t}{subsection.5.1.1}% 15
\BOOKMARK [1][-]{section.5.2}{\376\377\0005\000.\0002\000\040\000b\000a\000r\000r\000a\000y\000:\000:\000C\000H\000E\000C\000K\000\040\000N\000a\000m\000e\000s\000p\000a\000c\000e\000\040\000R\000e\000f\000e\000r\000e\000n\000c\000e}{chapter.5}% 16
\BOOKMARK [2][-]{subsection.5.2.1}{\376\377\0005\000.\0002\000.\0001\000\040\000V\000a\000r\000i\000a\000b\000l\000e\000\040\000D\000o\000c\000u\000m\000e\000n\000t\000a\000t\000i\000o\000n}{section.5.2}% 17
\BOOKMARK [3][-]{subsubsection.5.2.1.1}{\376\377\0005\000.\0002\000.\0001\000.\0001\000\040\000B\000O\000T\000H}{subsection.5.2.1}% 18
\BOOKMARK [3][-]{subsubsection.5.2.1.2}{\376\377\0005\000.\0002\000.\0001\000.\0002\000\040\000N\000O\000N\000E}{subsection.5.2.1}% 19
\BOOKMARK [3][-]{subsubsection.5.2.1.3}{\376\377\0005\000.\0002\000.\0001\000.\0003\000\040\000O\000N\000E}{subsection.5.2.1}% 20
\BOOKMARK [3][-]{subsubsection.5.2.1.4}{\376\377\0005\000.\0002\000.\0001\000.\0004\000\040\000T\000W\000O}{subsection.5.2.1}% 21
\BOOKMARK [1][-]{section.5.3}{\376\377\0005\000.\0003\000\040\000b\000a\000r\000r\000a\000y\000:\000:\000c\000o\000u\000n\000t\000e\000r\000s\000\040\000N\000a\000m\000e\000s\000p\000a\000c\000e\000\040\000R\000e\000f\000e\000r\000e\000n\000c\000e}{chapter.5}% 22
\BOOKMARK [1][-]{section.5.4}{\376\377\0005\000.\0004\000\040\000b\000a\000r\000r\000a\000y\000:\000:\000c\000o\000u\000n\000t\000e\000r\000s\000:\000:\000n\000e\000t\000w\000o\000r\000k\000\040\000N\000a\000m\000e\000s\000p\000a\000c\000e\000\040\000R\000e\000f\000e\000r\000e\000n\000c\000e}{chapter.5}% 23
\BOOKMARK [2][-]{subsection.5.4.1}{\376\377\0005\000.\0004\000.\0001\000\040\000T\000y\000p\000e\000d\000e\000f\000\040\000D\000o\000c\000u\000m\000e\000n\000t\000a\000t\000i\000o\000n}{section.5.4}% 24
\BOOKMARK [3][-]{subsubsection.5.4.1.1}{\376\377\0005\000.\0004\000.\0001\000.\0001\000\040\000N\000e\000t\000C\000o\000u\000n\000t\000e\000r}{subsection.5.4.1}% 25
\BOOKMARK [3][-]{subsubsection.5.4.1.2}{\376\377\0005\000.\0004\000.\0001\000.\0002\000\040\000N\000e\000t\000w\000o\000r\000k}{subsection.5.4.1}% 26
\BOOKMARK [2][-]{subsection.5.4.2}{\376\377\0005\000.\0004\000.\0002\000\040\000F\000u\000n\000c\000t\000i\000o\000n\000\040\000D\000o\000c\000u\000m\000e\000n\000t\000a\000t\000i\000o\000n}{section.5.4}% 27
\BOOKMARK [3][-]{subsubsection.5.4.2.1}{\376\377\0005\000.\0004\000.\0002\000.\0001\000\040\000N\000E\000T\000W\000O\000R\000K\000\137\000C\000O\000U\000N\000T\000E\000R\000\050\000\051\000\040\000[\0001\000/\0001\0004\000]}{subsection.5.4.2}% 28
\BOOKMARK [3][-]{subsubsection.5.4.2.2}{\376\377\0005\000.\0004\000.\0002\000.\0002\000\040\000N\000E\000T\000W\000O\000R\000K\000\137\000C\000O\000U\000N\000T\000E\000R\000\050\000\051\000\040\000[\0002\000/\0001\0004\000]}{subsection.5.4.2}% 29
\BOOKMARK [3][-]{subsubsection.5.4.2.3}{\376\377\0005\000.\0004\000.\0002\000.\0003\000\040\000N\000E\000T\000W\000O\000R\000K\000\137\000C\000O\000U\000N\000T\000E\000R\000\050\000\051\000\040\000[\0003\000/\0001\0004\000]}{subsection.5.4.2}% 30
\BOOKMARK [3][-]{subsubsection.5.4.2.4}{\376\377\0005\000.\0004\000.\0002\000.\0004\000\040\000N\000E\000T\000W\000O\000R\000K\000\137\000C\000O\000U\000N\000T\000E\000R\000\050\000\051\000\040\000[\0004\000/\0001\0004\000]}{subsection.5.4.2}% 31
\BOOKMARK [3][-]{subsubsection.5.4.2.5}{\376\377\0005\000.\0004\000.\0002\000.\0005\000\040\000N\000E\000T\000W\000O\000R\000K\000\137\000C\000O\000U\000N\000T\000E\000R\000\050\000\051\000\040\000[\0005\000/\0001\0004\000]}{subsection.5.4.2}% 32
\BOOKMARK [3][-]{subsubsection.5.4.2.6}{\376\377\0005\000.\0004\000.\0002\000.\0006\000\040\000N\000E\000T\000W\000O\000R\000K\000\137\000C\000O\000U\000N\000T\000E\000R\000\050\000\051\000\040\000[\0006\000/\0001\0004\000]}{subsection.5.4.2}% 33
\BOOKMARK [3][-]{subsubsection.5.4.2.7}{\376\377\0005\000.\0004\000.\0002\000.\0007\000\040\000N\000E\000T\000W\000O\000R\000K\000\137\000C\000O\000U\000N\000T\000E\000R\000\050\000\051\000\040\000[\0007\000/\0001\0004\000]}{subsection.5.4.2}% 34
\BOOKMARK [3][-]{subsubsection.5.4.2.8}{\376\377\0005\000.\0004\000.\0002\000.\0008\000\040\000N\000E\000T\000W\000O\000R\000K\000\137\000C\000O\000U\000N\000T\000E\000R\000\050\000\051\000\040\000[\0008\000/\0001\0004\000]}{subsection.5.4.2}% 35
\BOOKMARK [3][-]{subsubsection.5.4.2.9}{\376\377\0005\000.\0004\000.\0002\000.\0009\000\040\000N\000E\000T\000W\000O\000R\000K\000\137\000C\000O\000U\000N\000T\000E\000R\000\050\000\051\000\040\000[\0009\000/\0001\0004\000]}{subsection.5.4.2}% 36
\BOOKMARK [3][-]{subsubsection.5.4.2.10}{\376\377\0005\000.\0004\000.\0002\000.\0001\0000\000\040\000N\000E\000T\000W\000O\000R\000K\000\137\000C\000O\000U\000N\000T\000E\000R\000\050\000\051\000\040\000[\0001\0000\000/\0001\0004\000]}{subsection.5.4.2}% 37
\BOOKMARK [3][-]{subsubsection.5.4.2.11}{\376\377\0005\000.\0004\000.\0002\000.\0001\0001\000\040\000N\000E\000T\000W\000O\000R\000K\000\137\000C\000O\000U\000N\000T\000E\000R\000\050\000\051\000\040\000[\0001\0001\000/\0001\0004\000]}{subsection.5.4.2}% 38
\BOOKMARK [3][-]{subsubsection.5.4.2.12}{\376\377\0005\000.\0004\000.\0002\000.\0001\0002\000\040\000N\000E\000T\000W\000O\000R\000K\000\137\000C\000O\000U\000N\000T\000E\000R\000\050\000\051\000\040\000[\0001\0002\000/\0001\0004\000]}{subsection.5.4.2}% 39
\BOOKMARK [3][-]{subsubsection.5.4.2.13}{\376\377\0005\000.\0004\000.\0002\000.\0001\0003\000\040\000N\000E\000T\000W\000O\000R\000K\000\137\000C\000O\000U\000N\000T\000E\000R\000\050\000\051\000\040\000[\0001\0003\000/\0001\0004\000]}{subsection.5.4.2}% 40
\BOOKMARK [3][-]{subsubsection.5.4.2.14}{\376\377\0005\000.\0004\000.\0002\000.\0001\0004\000\040\000N\000E\000T\000W\000O\000R\000K\000\137\000C\000O\000U\000N\000T\000E\000R\000\050\000\051\000\040\000[\0001\0004\000/\0001\0004\000]}{subsection.5.4.2}% 41
\BOOKMARK [2][-]{subsection.5.4.3}{\376\377\0005\000.\0004\000.\0003\000\040\000V\000a\000r\000i\000a\000b\000l\000e\000\040\000D\000o\000c\000u\000m\000e\000n\000t\000a\000t\000i\000o\000n}{section.5.4}% 42
\BOOKMARK [3][-]{subsubsection.5.4.3.1}{\376\377\0005\000.\0004\000.\0003\000.\0001\000\040\000c\000t\000r\000i\000a\000d\000s}{subsection.5.4.3}% 43
\BOOKMARK [3][-]{subsubsection.5.4.3.2}{\376\377\0005\000.\0004\000.\0003\000.\0002\000\040\000d\000e\000n\000s\000i\000t\000y}{subsection.5.4.3}% 44
\BOOKMARK [3][-]{subsubsection.5.4.3.3}{\376\377\0005\000.\0004\000.\0003\000.\0003\000\040\000e\000d\000g\000e\000s}{subsection.5.4.3}% 45
\BOOKMARK [3][-]{subsubsection.5.4.3.4}{\376\377\0005\000.\0004\000.\0003\000.\0004\000\040\000i\000d\000e\000g\000r\000e\000e\0001\0005}{subsection.5.4.3}% 46
\BOOKMARK [3][-]{subsubsection.5.4.3.5}{\376\377\0005\000.\0004\000.\0003\000.\0005\000\040\000i\000s\000o\000l\000a\000t\000e\000s}{subsection.5.4.3}% 47
\BOOKMARK [3][-]{subsubsection.5.4.3.6}{\376\377\0005\000.\0004\000.\0003\000.\0006\000\040\000i\000s\000t\000a\000r\0002}{subsection.5.4.3}% 48
\BOOKMARK [3][-]{subsubsection.5.4.3.7}{\376\377\0005\000.\0004\000.\0003\000.\0007\000\040\000m\000u\000t\000u\000a\000l}{subsection.5.4.3}% 49
\BOOKMARK [3][-]{subsubsection.5.4.3.8}{\376\377\0005\000.\0004\000.\0003\000.\0008\000\040\000n\000o\000d\000e\000m\000a\000t\000c\000h}{subsection.5.4.3}% 50
\BOOKMARK [3][-]{subsubsection.5.4.3.9}{\376\377\0005\000.\0004\000.\0003\000.\0009\000\040\000o\000d\000e\000g\000r\000e\000e\0001\0005}{subsection.5.4.3}% 51
\BOOKMARK [3][-]{subsubsection.5.4.3.10}{\376\377\0005\000.\0004\000.\0003\000.\0001\0000\000\040\000o\000s\000t\000a\000r\0002}{subsection.5.4.3}% 52
\BOOKMARK [3][-]{subsubsection.5.4.3.11}{\376\377\0005\000.\0004\000.\0003\000.\0001\0001\000\040\000t\000t\000r\000i\000a\000d\000s}{subsection.5.4.3}% 53
\BOOKMARK [1][-]{section.5.5}{\376\377\0005\000.\0005\000\040\000b\000a\000r\000r\000a\000y\000:\000:\000c\000o\000u\000n\000t\000e\000r\000s\000:\000:\000p\000h\000y\000l\000o\000\040\000N\000a\000m\000e\000s\000p\000a\000c\000e\000\040\000R\000e\000f\000e\000r\000e\000n\000c\000e}{chapter.5}% 54
\BOOKMARK [2][-]{subsection.5.5.1}{\376\377\0005\000.\0005\000.\0001\000\040\000T\000y\000p\000e\000d\000e\000f\000\040\000D\000o\000c\000u\000m\000e\000n\000t\000a\000t\000i\000o\000n}{section.5.5}% 55
\BOOKMARK [3][-]{subsubsection.5.5.1.1}{\376\377\0005\000.\0005\000.\0001\000.\0001\000\040\000P\000h\000y\000l\000o\000A\000r\000r\000a\000y}{subsection.5.5.1}% 56
\BOOKMARK [3][-]{subsubsection.5.5.1.2}{\376\377\0005\000.\0005\000.\0001\000.\0002\000\040\000P\000h\000y\000l\000o\000C\000o\000u\000n\000t\000e\000r}{subsection.5.5.1}% 57
\BOOKMARK [2][-]{subsection.5.5.2}{\376\377\0005\000.\0005\000.\0002\000\040\000F\000u\000n\000c\000t\000i\000o\000n\000\040\000D\000o\000c\000u\000m\000e\000n\000t\000a\000t\000i\000o\000n}{section.5.5}% 58
\BOOKMARK [3][-]{subsubsection.5.5.2.1}{\376\377\0005\000.\0005\000.\0002\000.\0001\000\040\000P\000H\000Y\000L\000O\000\137\000C\000O\000U\000N\000T\000E\000R\000\050\000\051\000\040\000[\0001\000/\0001\0003\000]}{subsection.5.5.2}% 59
\BOOKMARK [3][-]{subsubsection.5.5.2.2}{\376\377\0005\000.\0005\000.\0002\000.\0002\000\040\000P\000H\000Y\000L\000O\000\137\000C\000O\000U\000N\000T\000E\000R\000\050\000\051\000\040\000[\0002\000/\0001\0003\000]}{subsection.5.5.2}% 60
\BOOKMARK [3][-]{subsubsection.5.5.2.3}{\376\377\0005\000.\0005\000.\0002\000.\0003\000\040\000P\000H\000Y\000L\000O\000\137\000C\000O\000U\000N\000T\000E\000R\000\050\000\051\000\040\000[\0003\000/\0001\0003\000]}{subsection.5.5.2}% 61
\BOOKMARK [3][-]{subsubsection.5.5.2.4}{\376\377\0005\000.\0005\000.\0002\000.\0004\000\040\000P\000H\000Y\000L\000O\000\137\000C\000O\000U\000N\000T\000E\000R\000\050\000\051\000\040\000[\0004\000/\0001\0003\000]}{subsection.5.5.2}% 62
\BOOKMARK [3][-]{subsubsection.5.5.2.5}{\376\377\0005\000.\0005\000.\0002\000.\0005\000\040\000P\000H\000Y\000L\000O\000\137\000C\000O\000U\000N\000T\000E\000R\000\050\000\051\000\040\000[\0005\000/\0001\0003\000]}{subsection.5.5.2}% 63
\BOOKMARK [3][-]{subsubsection.5.5.2.6}{\376\377\0005\000.\0005\000.\0002\000.\0006\000\040\000P\000H\000Y\000L\000O\000\137\000C\000O\000U\000N\000T\000E\000R\000\050\000\051\000\040\000[\0006\000/\0001\0003\000]}{subsection.5.5.2}% 64
\BOOKMARK [3][-]{subsubsection.5.5.2.7}{\376\377\0005\000.\0005\000.\0002\000.\0007\000\040\000P\000H\000Y\000L\000O\000\137\000C\000O\000U\000N\000T\000E\000R\000\050\000\051\000\040\000[\0007\000/\0001\0003\000]}{subsection.5.5.2}% 65
\BOOKMARK [3][-]{subsubsection.5.5.2.8}{\376\377\0005\000.\0005\000.\0002\000.\0008\000\040\000P\000H\000Y\000L\000O\000\137\000C\000O\000U\000N\000T\000E\000R\000\050\000\051\000\040\000[\0008\000/\0001\0003\000]}{subsection.5.5.2}% 66
\BOOKMARK [3][-]{subsubsection.5.5.2.9}{\376\377\0005\000.\0005\000.\0002\000.\0009\000\040\000P\000H\000Y\000L\000O\000\137\000C\000O\000U\000N\000T\000E\000R\000\050\000\051\000\040\000[\0009\000/\0001\0003\000]}{subsection.5.5.2}% 67
\BOOKMARK [3][-]{subsubsection.5.5.2.10}{\376\377\0005\000.\0005\000.\0002\000.\0001\0000\000\040\000P\000H\000Y\000L\000O\000\137\000C\000O\000U\000N\000T\000E\000R\000\050\000\051\000\040\000[\0001\0000\000/\0001\0003\000]}{subsection.5.5.2}% 68
\BOOKMARK [3][-]{subsubsection.5.5.2.11}{\376\377\0005\000.\0005\000.\0002\000.\0001\0001\000\040\000P\000H\000Y\000L\000O\000\137\000C\000O\000U\000N\000T\000E\000R\000\050\000\051\000\040\000[\0001\0001\000/\0001\0003\000]}{subsection.5.5.2}% 69
\BOOKMARK [3][-]{subsubsection.5.5.2.12}{\376\377\0005\000.\0005\000.\0002\000.\0001\0002\000\040\000P\000H\000Y\000L\000O\000\137\000C\000O\000U\000N\000T\000E\000R\000\050\000\051\000\040\000[\0001\0002\000/\0001\0003\000]}{subsection.5.5.2}% 70
\BOOKMARK [3][-]{subsubsection.5.5.2.13}{\376\377\0005\000.\0005\000.\0002\000.\0001\0003\000\040\000P\000H\000Y\000L\000O\000\137\000C\000O\000U\000N\000T\000E\000R\000\050\000\051\000\040\000[\0001\0003\000/\0001\0003\000]}{subsection.5.5.2}% 71
\BOOKMARK [2][-]{subsection.5.5.3}{\376\377\0005\000.\0005\000.\0003\000\040\000V\000a\000r\000i\000a\000b\000l\000e\000\040\000D\000o\000c\000u\000m\000e\000n\000t\000a\000t\000i\000o\000n}{section.5.5}% 72
\BOOKMARK [3][-]{subsubsection.5.5.3.1}{\376\377\0005\000.\0005\000.\0003\000.\0001\000\040\000c\000o\000g\000a\000i\000n}{subsection.5.5.3}% 73
\BOOKMARK [3][-]{subsubsection.5.5.3.2}{\376\377\0005\000.\0005\000.\0003\000.\0002\000\040\000g\000a\000i\000n\000s}{subsection.5.5.3}% 74
\BOOKMARK [3][-]{subsubsection.5.5.3.3}{\376\377\0005\000.\0005\000.\0003\000.\0003\000\040\000l\000o\000n\000g\000e\000s\000t}{subsection.5.5.3}% 75
\BOOKMARK [3][-]{subsubsection.5.5.3.4}{\376\377\0005\000.\0005\000.\0003\000.\0004\000\040\000l\000o\000s\000s}{subsection.5.5.3}% 76
\BOOKMARK [3][-]{subsubsection.5.5.3.5}{\376\377\0005\000.\0005\000.\0003\000.\0005\000\040\000o\000v\000e\000r\000a\000l\000l\000\137\000g\000a\000i\000n\000s}{subsection.5.5.3}% 77
\BOOKMARK [3][-]{subsubsection.5.5.3.6}{\376\377\0005\000.\0005\000.\0003\000.\0006\000\040\000o\000v\000e\000r\000a\000l\000l\000\137\000l\000o\000s\000s}{subsection.5.5.3}% 78
\BOOKMARK [3][-]{subsubsection.5.5.3.7}{\376\377\0005\000.\0005\000.\0003\000.\0007\000\040\000s\000u\000b\000f\000u\000n}{subsection.5.5.3}% 79
\BOOKMARK [1][-]{section.5.6}{\376\377\0005\000.\0006\000\040\000b\000a\000r\000r\000a\000y\000:\000:\000E\000X\000I\000S\000T\000S\000\040\000N\000a\000m\000e\000s\000p\000a\000c\000e\000\040\000R\000e\000f\000e\000r\000e\000n\000c\000e}{chapter.5}% 80
\BOOKMARK [2][-]{subsection.5.6.1}{\376\377\0005\000.\0006\000.\0001\000\040\000V\000a\000r\000i\000a\000b\000l\000e\000\040\000D\000o\000c\000u\000m\000e\000n\000t\000a\000t\000i\000o\000n}{section.5.6}% 81
\BOOKMARK [3][-]{subsubsection.5.6.1.1}{\376\377\0005\000.\0006\000.\0001\000.\0001\000\040\000A\000S\000\137\000O\000N\000E}{subsection.5.6.1}% 82
\BOOKMARK [3][-]{subsubsection.5.6.1.2}{\376\377\0005\000.\0006\000.\0001\000.\0002\000\040\000A\000S\000\137\000Z\000E\000R\000O}{subsection.5.6.1}% 83
\BOOKMARK [3][-]{subsubsection.5.6.1.3}{\376\377\0005\000.\0006\000.\0001\000.\0003\000\040\000B\000O\000T\000H}{subsection.5.6.1}% 84
\BOOKMARK [3][-]{subsubsection.5.6.1.4}{\376\377\0005\000.\0006\000.\0001\000.\0004\000\040\000N\000O\000N\000E}{subsection.5.6.1}% 85
\BOOKMARK [3][-]{subsubsection.5.6.1.5}{\376\377\0005\000.\0006\000.\0001\000.\0005\000\040\000O\000N\000E}{subsection.5.6.1}% 86
\BOOKMARK [3][-]{subsubsection.5.6.1.6}{\376\377\0005\000.\0006\000.\0001\000.\0006\000\040\000T\000W\000O}{subsection.5.6.1}% 87
\BOOKMARK [3][-]{subsubsection.5.6.1.7}{\376\377\0005\000.\0006\000.\0001\000.\0007\000\040\000U\000K\000N\000O\000W\000N}{subsection.5.6.1}% 88
\BOOKMARK [1][-]{section.5.7}{\376\377\0005\000.\0007\000\040\000C\000H\000E\000C\000K\000\040\000N\000a\000m\000e\000s\000p\000a\000c\000e\000\040\000R\000e\000f\000e\000r\000e\000n\000c\000e}{chapter.5}% 89
\BOOKMARK [2][-]{subsection.5.7.1}{\376\377\0005\000.\0007\000.\0001\000\040\000V\000a\000r\000i\000a\000b\000l\000e\000\040\000D\000o\000c\000u\000m\000e\000n\000t\000a\000t\000i\000o\000n}{section.5.7}% 90
\BOOKMARK [3][-]{subsubsection.5.7.1.1}{\376\377\0005\000.\0007\000.\0001\000.\0001\000\040\000B\000O\000T\000H}{subsection.5.7.1}% 91
\BOOKMARK [3][-]{subsubsection.5.7.1.2}{\376\377\0005\000.\0007\000.\0001\000.\0002\000\040\000N\000O\000N\000E}{subsection.5.7.1}% 92
\BOOKMARK [3][-]{subsubsection.5.7.1.3}{\376\377\0005\000.\0007\000.\0001\000.\0003\000\040\000O\000N\000E}{subsection.5.7.1}% 93
\BOOKMARK [3][-]{subsubsection.5.7.1.4}{\376\377\0005\000.\0007\000.\0001\000.\0004\000\040\000T\000W\000O}{subsection.5.7.1}% 94
\BOOKMARK [1][-]{section.5.8}{\376\377\0005\000.\0008\000\040\000E\000X\000I\000S\000T\000S\000\040\000N\000a\000m\000e\000s\000p\000a\000c\000e\000\040\000R\000e\000f\000e\000r\000e\000n\000c\000e}{chapter.5}% 95
\BOOKMARK [2][-]{subsection.5.8.1}{\376\377\0005\000.\0008\000.\0001\000\040\000V\000a\000r\000i\000a\000b\000l\000e\000\040\000D\000o\000c\000u\000m\000e\000n\000t\000a\000t\000i\000o\000n}{section.5.8}% 96
\BOOKMARK [3][-]{subsubsection.5.8.1.1}{\376\377\0005\000.\0008\000.\0001\000.\0001\000\040\000A\000S\000\137\000O\000N\000E}{subsection.5.8.1}% 97
\BOOKMARK [3][-]{subsubsection.5.8.1.2}{\376\377\0005\000.\0008\000.\0001\000.\0002\000\040\000A\000S\000\137\000Z\000E\000R\000O}{subsection.5.8.1}% 98
\BOOKMARK [3][-]{subsubsection.5.8.1.3}{\376\377\0005\000.\0008\000.\0001\000.\0003\000\040\000B\000O\000T\000H}{subsection.5.8.1}% 99
\BOOKMARK [3][-]{subsubsection.5.8.1.4}{\376\377\0005\000.\0008\000.\0001\000.\0004\000\040\000N\000O\000N\000E}{subsection.5.8.1}% 100
\BOOKMARK [3][-]{subsubsection.5.8.1.5}{\376\377\0005\000.\0008\000.\0001\000.\0005\000\040\000O\000N\000E}{subsection.5.8.1}% 101
\BOOKMARK [3][-]{subsubsection.5.8.1.6}{\376\377\0005\000.\0008\000.\0001\000.\0006\000\040\000T\000W\000O}{subsection.5.8.1}% 102
\BOOKMARK [3][-]{subsubsection.5.8.1.7}{\376\377\0005\000.\0008\000.\0001\000.\0007\000\040\000U\000K\000N\000O\000W\000N}{subsection.5.8.1}% 103
\BOOKMARK [0][-]{chapter.6}{\376\377\0006\000\040\000C\000l\000a\000s\000s\000\040\000D\000o\000c\000u\000m\000e\000n\000t\000a\000t\000i\000o\000n}{}% 104
\BOOKMARK [1][-]{section.6.1}{\376\377\0006\000.\0001\000\040\000B\000A\000r\000r\000a\000y\000<\000\040\000C\000e\000l\000l\000\137\000T\000y\000p\000e\000,\000\040\000D\000a\000t\000a\000\137\000T\000y\000p\000e\000\040\000>\000\040\000C\000l\000a\000s\000s\000\040\000T\000e\000m\000p\000l\000a\000t\000e\000\040\000R\000e\000f\000e\000r\000e\000n\000c\000e}{chapter.6}% 105
\BOOKMARK [2][-]{subsection.6.1.1}{\376\377\0006\000.\0001\000.\0001\000\040\000D\000e\000t\000a\000i\000l\000e\000d\000\040\000D\000e\000s\000c\000r\000i\000p\000t\000i\000o\000n}{section.6.1}% 106
\BOOKMARK [2][-]{subsection.6.1.2}{\376\377\0006\000.\0001\000.\0002\000\040\000C\000o\000n\000s\000t\000r\000u\000c\000t\000o\000r\000\040\000\046\000\040\000D\000e\000s\000t\000r\000u\000c\000t\000o\000r\000\040\000D\000o\000c\000u\000m\000e\000n\000t\000a\000t\000i\000o\000n}{section.6.1}% 107
\BOOKMARK [3][-]{subsubsection.6.1.2.1}{\376\377\0006\000.\0001\000.\0002\000.\0001\000\040\000B\000A\000r\000r\000a\000y\000\050\000\051\000\040\000[\0001\000/\0004\000]}{subsection.6.1.2}% 108
